{"/Users/vihang/projects/isdlc/isdlc-framework/src/claude/hooks/lib/common.cjs": {"path":"/Users/vihang/projects/isdlc/isdlc-framework/src/claude/hooks/lib/common.cjs","all":false,"statementMap":{"0":{"start":{"line":1,"column":0},"end":{"line":1,"column":3}},"1":{"start":{"line":2,"column":0},"end":{"line":2,"column":45}},"2":{"start":{"line":3,"column":0},"end":{"line":3,"column":46}},"3":{"start":{"line":4,"column":0},"end":{"line":4,"column":46}},"4":{"start":{"line":5,"column":0},"end":{"line":5,"column":40}},"5":{"start":{"line":6,"column":0},"end":{"line":6,"column":2}},"6":{"start":{"line":7,"column":0},"end":{"line":7,"column":17}},"7":{"start":{"line":8,"column":0},"end":{"line":8,"column":53}},"8":{"start":{"line":9,"column":0},"end":{"line":9,"column":3}},"9":{"start":{"line":10,"column":0},"end":{"line":10,"column":0}},"10":{"start":{"line":11,"column":0},"end":{"line":11,"column":25}},"11":{"start":{"line":12,"column":0},"end":{"line":12,"column":29}},"12":{"start":{"line":13,"column":0},"end":{"line":13,"column":0}},"13":{"start":{"line":14,"column":0},"end":{"line":14,"column":76}},"14":{"start":{"line":15,"column":0},"end":{"line":15,"column":59}},"15":{"start":{"line":16,"column":0},"end":{"line":16,"column":76}},"16":{"start":{"line":17,"column":0},"end":{"line":17,"column":0}},"17":{"start":{"line":18,"column":0},"end":{"line":18,"column":3}},"18":{"start":{"line":19,"column":0},"end":{"line":19,"column":64}},"19":{"start":{"line":20,"column":0},"end":{"line":20,"column":64}},"20":{"start":{"line":21,"column":0},"end":{"line":21,"column":22}},"21":{"start":{"line":22,"column":0},"end":{"line":22,"column":3}},"22":{"start":{"line":23,"column":0},"end":{"line":23,"column":30}},"23":{"start":{"line":24,"column":0},"end":{"line":24,"column":0}},"24":{"start":{"line":25,"column":0},"end":{"line":25,"column":3}},"25":{"start":{"line":26,"column":0},"end":{"line":26,"column":55}},"26":{"start":{"line":27,"column":0},"end":{"line":27,"column":68}},"27":{"start":{"line":28,"column":0},"end":{"line":28,"column":27}},"28":{"start":{"line":29,"column":0},"end":{"line":29,"column":3}},"29":{"start":{"line":30,"column":0},"end":{"line":30,"column":37}},"30":{"start":{"line":31,"column":0},"end":{"line":31,"column":0}},"31":{"start":{"line":32,"column":0},"end":{"line":32,"column":3}},"32":{"start":{"line":33,"column":0},"end":{"line":33,"column":60}},"33":{"start":{"line":34,"column":0},"end":{"line":34,"column":44}},"34":{"start":{"line":35,"column":0},"end":{"line":35,"column":64}},"35":{"start":{"line":36,"column":0},"end":{"line":36,"column":57}},"36":{"start":{"line":37,"column":0},"end":{"line":37,"column":3}},"37":{"start":{"line":38,"column":0},"end":{"line":38,"column":31}},"38":{"start":{"line":39,"column":0},"end":{"line":39,"column":0}},"39":{"start":{"line":40,"column":0},"end":{"line":40,"column":76}},"40":{"start":{"line":41,"column":0},"end":{"line":41,"column":38}},"41":{"start":{"line":42,"column":0},"end":{"line":42,"column":76}},"42":{"start":{"line":43,"column":0},"end":{"line":43,"column":0}},"43":{"start":{"line":44,"column":0},"end":{"line":44,"column":3}},"44":{"start":{"line":45,"column":0},"end":{"line":45,"column":61}},"45":{"start":{"line":46,"column":0},"end":{"line":46,"column":72}},"46":{"start":{"line":47,"column":0},"end":{"line":47,"column":29}},"47":{"start":{"line":48,"column":0},"end":{"line":48,"column":84}},"48":{"start":{"line":49,"column":0},"end":{"line":49,"column":3}},"49":{"start":{"line":50,"column":0},"end":{"line":50,"column":38}},"50":{"start":{"line":51,"column":0},"end":{"line":51,"column":26}},"51":{"start":{"line":52,"column":0},"end":{"line":52,"column":40}},"52":{"start":{"line":53,"column":0},"end":{"line":53,"column":35}},"53":{"start":{"line":54,"column":0},"end":{"line":54,"column":3}},"54":{"start":{"line":55,"column":0},"end":{"line":55,"column":0}},"55":{"start":{"line":56,"column":0},"end":{"line":56,"column":76}},"56":{"start":{"line":57,"column":0},"end":{"line":57,"column":52}},"57":{"start":{"line":58,"column":0},"end":{"line":58,"column":76}},"58":{"start":{"line":59,"column":0},"end":{"line":59,"column":0}},"59":{"start":{"line":60,"column":0},"end":{"line":60,"column":3}},"60":{"start":{"line":61,"column":0},"end":{"line":61,"column":81}},"61":{"start":{"line":62,"column":0},"end":{"line":62,"column":73}},"62":{"start":{"line":63,"column":0},"end":{"line":63,"column":3}},"63":{"start":{"line":64,"column":0},"end":{"line":64,"column":84}},"64":{"start":{"line":65,"column":0},"end":{"line":65,"column":0}},"65":{"start":{"line":66,"column":0},"end":{"line":66,"column":3}},"66":{"start":{"line":67,"column":0},"end":{"line":67,"column":63}},"67":{"start":{"line":68,"column":0},"end":{"line":68,"column":75}},"68":{"start":{"line":69,"column":0},"end":{"line":69,"column":32}},"69":{"start":{"line":70,"column":0},"end":{"line":70,"column":3}},"70":{"start":{"line":71,"column":0},"end":{"line":71,"column":46}},"71":{"start":{"line":72,"column":0},"end":{"line":72,"column":36}},"72":{"start":{"line":73,"column":0},"end":{"line":73,"column":28}},"73":{"start":{"line":74,"column":0},"end":{"line":74,"column":26}},"74":{"start":{"line":75,"column":0},"end":{"line":75,"column":35}},"75":{"start":{"line":76,"column":0},"end":{"line":76,"column":49}},"76":{"start":{"line":77,"column":0},"end":{"line":77,"column":28}},"77":{"start":{"line":78,"column":0},"end":{"line":78,"column":3}},"78":{"start":{"line":79,"column":0},"end":{"line":79,"column":0}},"79":{"start":{"line":80,"column":0},"end":{"line":80,"column":3}},"80":{"start":{"line":81,"column":0},"end":{"line":81,"column":86}},"81":{"start":{"line":82,"column":0},"end":{"line":82,"column":100}},"82":{"start":{"line":83,"column":0},"end":{"line":83,"column":70}},"83":{"start":{"line":84,"column":0},"end":{"line":84,"column":53}},"84":{"start":{"line":85,"column":0},"end":{"line":85,"column":3}},"85":{"start":{"line":86,"column":0},"end":{"line":86,"column":43}},"86":{"start":{"line":87,"column":0},"end":{"line":87,"column":50}},"87":{"start":{"line":88,"column":0},"end":{"line":88,"column":36}},"88":{"start":{"line":89,"column":0},"end":{"line":89,"column":1}},"89":{"start":{"line":90,"column":0},"end":{"line":90,"column":0}},"90":{"start":{"line":91,"column":0},"end":{"line":91,"column":3}},"91":{"start":{"line":92,"column":0},"end":{"line":92,"column":59}},"92":{"start":{"line":93,"column":0},"end":{"line":93,"column":38}},"93":{"start":{"line":94,"column":0},"end":{"line":94,"column":3}},"94":{"start":{"line":95,"column":0},"end":{"line":95,"column":27}},"95":{"start":{"line":96,"column":0},"end":{"line":96,"column":66}},"96":{"start":{"line":97,"column":0},"end":{"line":97,"column":72}},"97":{"start":{"line":98,"column":0},"end":{"line":98,"column":38}},"98":{"start":{"line":99,"column":0},"end":{"line":99,"column":58}},"99":{"start":{"line":100,"column":0},"end":{"line":100,"column":50}},"100":{"start":{"line":101,"column":0},"end":{"line":101,"column":38}},"101":{"start":{"line":102,"column":0},"end":{"line":102,"column":9}},"102":{"start":{"line":103,"column":0},"end":{"line":103,"column":51}},"103":{"start":{"line":104,"column":0},"end":{"line":104,"column":34}},"104":{"start":{"line":105,"column":0},"end":{"line":105,"column":41}},"105":{"start":{"line":106,"column":0},"end":{"line":106,"column":5}},"106":{"start":{"line":107,"column":0},"end":{"line":107,"column":0}},"107":{"start":{"line":108,"column":0},"end":{"line":108,"column":73}},"108":{"start":{"line":109,"column":0},"end":{"line":109,"column":41}},"109":{"start":{"line":110,"column":0},"end":{"line":110,"column":60}},"110":{"start":{"line":111,"column":0},"end":{"line":111,"column":62}},"111":{"start":{"line":112,"column":0},"end":{"line":112,"column":34}},"112":{"start":{"line":113,"column":0},"end":{"line":113,"column":5}},"113":{"start":{"line":114,"column":0},"end":{"line":114,"column":0}},"114":{"start":{"line":115,"column":0},"end":{"line":115,"column":50}},"115":{"start":{"line":116,"column":0},"end":{"line":116,"column":28}},"116":{"start":{"line":117,"column":0},"end":{"line":117,"column":42}},"117":{"start":{"line":118,"column":0},"end":{"line":118,"column":54}},"118":{"start":{"line":119,"column":0},"end":{"line":119,"column":37}},"119":{"start":{"line":120,"column":0},"end":{"line":120,"column":66}},"120":{"start":{"line":121,"column":0},"end":{"line":121,"column":38}},"121":{"start":{"line":122,"column":0},"end":{"line":122,"column":9}},"122":{"start":{"line":123,"column":0},"end":{"line":123,"column":32}},"123":{"start":{"line":124,"column":0},"end":{"line":124,"column":5}},"124":{"start":{"line":125,"column":0},"end":{"line":125,"column":0}},"125":{"start":{"line":126,"column":0},"end":{"line":126,"column":35}},"126":{"start":{"line":127,"column":0},"end":{"line":127,"column":39}},"127":{"start":{"line":128,"column":0},"end":{"line":128,"column":58}},"128":{"start":{"line":129,"column":0},"end":{"line":129,"column":30}},"129":{"start":{"line":130,"column":0},"end":{"line":130,"column":1}},"130":{"start":{"line":131,"column":0},"end":{"line":131,"column":0}},"131":{"start":{"line":132,"column":0},"end":{"line":132,"column":3}},"132":{"start":{"line":133,"column":0},"end":{"line":133,"column":61}},"133":{"start":{"line":134,"column":0},"end":{"line":134,"column":76}},"134":{"start":{"line":135,"column":0},"end":{"line":135,"column":2}},"135":{"start":{"line":136,"column":0},"end":{"line":136,"column":64}},"136":{"start":{"line":137,"column":0},"end":{"line":137,"column":82}},"137":{"start":{"line":138,"column":0},"end":{"line":138,"column":74}},"138":{"start":{"line":139,"column":0},"end":{"line":139,"column":3}},"139":{"start":{"line":140,"column":0},"end":{"line":140,"column":55}},"140":{"start":{"line":141,"column":0},"end":{"line":141,"column":57}},"141":{"start":{"line":142,"column":0},"end":{"line":142,"column":0}},"142":{"start":{"line":143,"column":0},"end":{"line":143,"column":9}},"143":{"start":{"line":144,"column":0},"end":{"line":144,"column":45}},"144":{"start":{"line":145,"column":0},"end":{"line":145,"column":42}},"145":{"start":{"line":146,"column":0},"end":{"line":146,"column":0}},"146":{"start":{"line":147,"column":0},"end":{"line":147,"column":50}},"147":{"start":{"line":148,"column":0},"end":{"line":148,"column":56}},"148":{"start":{"line":149,"column":0},"end":{"line":149,"column":59}},"149":{"start":{"line":150,"column":0},"end":{"line":150,"column":56}},"150":{"start":{"line":151,"column":0},"end":{"line":151,"column":31}},"151":{"start":{"line":152,"column":0},"end":{"line":152,"column":9}},"152":{"start":{"line":153,"column":0},"end":{"line":153,"column":0}},"153":{"start":{"line":154,"column":0},"end":{"line":154,"column":74}},"154":{"start":{"line":155,"column":0},"end":{"line":155,"column":69}},"155":{"start":{"line":156,"column":0},"end":{"line":156,"column":68}},"156":{"start":{"line":157,"column":0},"end":{"line":157,"column":98}},"157":{"start":{"line":158,"column":0},"end":{"line":158,"column":20}},"158":{"start":{"line":159,"column":0},"end":{"line":159,"column":17}},"159":{"start":{"line":160,"column":0},"end":{"line":160,"column":82}},"160":{"start":{"line":161,"column":0},"end":{"line":161,"column":80}},"161":{"start":{"line":162,"column":0},"end":{"line":162,"column":20}},"162":{"start":{"line":163,"column":0},"end":{"line":163,"column":5}},"163":{"start":{"line":164,"column":0},"end":{"line":164,"column":1}},"164":{"start":{"line":165,"column":0},"end":{"line":165,"column":0}},"165":{"start":{"line":166,"column":0},"end":{"line":166,"column":3}},"166":{"start":{"line":167,"column":0},"end":{"line":167,"column":38}},"167":{"start":{"line":168,"column":0},"end":{"line":168,"column":11}},"168":{"start":{"line":169,"column":0},"end":{"line":169,"column":3}},"169":{"start":{"line":170,"column":0},"end":{"line":170,"column":25}},"170":{"start":{"line":171,"column":0},"end":{"line":171,"column":30}},"171":{"start":{"line":172,"column":0},"end":{"line":172,"column":37}},"172":{"start":{"line":173,"column":0},"end":{"line":173,"column":25}},"173":{"start":{"line":174,"column":0},"end":{"line":174,"column":1}},"174":{"start":{"line":175,"column":0},"end":{"line":175,"column":0}},"175":{"start":{"line":176,"column":0},"end":{"line":176,"column":3}},"176":{"start":{"line":177,"column":0},"end":{"line":177,"column":42}},"177":{"start":{"line":178,"column":0},"end":{"line":178,"column":11}},"178":{"start":{"line":179,"column":0},"end":{"line":179,"column":69}},"179":{"start":{"line":180,"column":0},"end":{"line":180,"column":3}},"180":{"start":{"line":181,"column":0},"end":{"line":181,"column":27}},"181":{"start":{"line":182,"column":0},"end":{"line":182,"column":12}},"182":{"start":{"line":183,"column":0},"end":{"line":183,"column":55}},"183":{"start":{"line":184,"column":0},"end":{"line":184,"column":42}},"184":{"start":{"line":185,"column":0},"end":{"line":185,"column":6}},"185":{"start":{"line":186,"column":0},"end":{"line":186,"column":1}},"186":{"start":{"line":187,"column":0},"end":{"line":187,"column":0}},"187":{"start":{"line":188,"column":0},"end":{"line":188,"column":76}},"188":{"start":{"line":189,"column":0},"end":{"line":189,"column":19}},"189":{"start":{"line":190,"column":0},"end":{"line":190,"column":76}},"190":{"start":{"line":191,"column":0},"end":{"line":191,"column":0}},"191":{"start":{"line":192,"column":0},"end":{"line":192,"column":3}},"192":{"start":{"line":193,"column":0},"end":{"line":193,"column":50}},"193":{"start":{"line":194,"column":0},"end":{"line":194,"column":60}},"194":{"start":{"line":195,"column":0},"end":{"line":195,"column":53}},"195":{"start":{"line":196,"column":0},"end":{"line":196,"column":3}},"196":{"start":{"line":197,"column":0},"end":{"line":197,"column":27}},"197":{"start":{"line":198,"column":0},"end":{"line":198,"column":41}},"198":{"start":{"line":199,"column":0},"end":{"line":199,"column":76}},"199":{"start":{"line":200,"column":0},"end":{"line":200,"column":1}},"200":{"start":{"line":201,"column":0},"end":{"line":201,"column":0}},"201":{"start":{"line":202,"column":0},"end":{"line":202,"column":3}},"202":{"start":{"line":203,"column":0},"end":{"line":203,"column":31}},"203":{"start":{"line":204,"column":0},"end":{"line":204,"column":56}},"204":{"start":{"line":205,"column":0},"end":{"line":205,"column":3}},"205":{"start":{"line":206,"column":0},"end":{"line":206,"column":31}},"206":{"start":{"line":207,"column":0},"end":{"line":207,"column":41}},"207":{"start":{"line":208,"column":0},"end":{"line":208,"column":73}},"208":{"start":{"line":209,"column":0},"end":{"line":209,"column":0}},"209":{"start":{"line":210,"column":0},"end":{"line":210,"column":37}},"210":{"start":{"line":211,"column":0},"end":{"line":211,"column":20}},"211":{"start":{"line":212,"column":0},"end":{"line":212,"column":5}},"212":{"start":{"line":213,"column":0},"end":{"line":213,"column":0}},"213":{"start":{"line":214,"column":0},"end":{"line":214,"column":9}},"214":{"start":{"line":215,"column":0},"end":{"line":215,"column":63}},"215":{"start":{"line":216,"column":0},"end":{"line":216,"column":17}},"216":{"start":{"line":217,"column":0},"end":{"line":217,"column":20}},"217":{"start":{"line":218,"column":0},"end":{"line":218,"column":5}},"218":{"start":{"line":219,"column":0},"end":{"line":219,"column":1}},"219":{"start":{"line":220,"column":0},"end":{"line":220,"column":0}},"220":{"start":{"line":221,"column":0},"end":{"line":221,"column":3}},"221":{"start":{"line":222,"column":0},"end":{"line":222,"column":22}},"222":{"start":{"line":223,"column":0},"end":{"line":223,"column":52}},"223":{"start":{"line":224,"column":0},"end":{"line":224,"column":29}},"224":{"start":{"line":225,"column":0},"end":{"line":225,"column":3}},"225":{"start":{"line":226,"column":0},"end":{"line":226,"column":38}},"226":{"start":{"line":227,"column":0},"end":{"line":227,"column":41}},"227":{"start":{"line":228,"column":0},"end":{"line":228,"column":73}},"228":{"start":{"line":229,"column":0},"end":{"line":229,"column":0}},"229":{"start":{"line":230,"column":0},"end":{"line":230,"column":9}},"230":{"start":{"line":231,"column":0},"end":{"line":231,"column":70}},"231":{"start":{"line":232,"column":0},"end":{"line":232,"column":20}},"232":{"start":{"line":233,"column":0},"end":{"line":233,"column":17}},"233":{"start":{"line":234,"column":0},"end":{"line":234,"column":21}},"234":{"start":{"line":235,"column":0},"end":{"line":235,"column":5}},"235":{"start":{"line":236,"column":0},"end":{"line":236,"column":1}},"236":{"start":{"line":237,"column":0},"end":{"line":237,"column":0}},"237":{"start":{"line":238,"column":0},"end":{"line":238,"column":3}},"238":{"start":{"line":239,"column":0},"end":{"line":239,"column":53}},"239":{"start":{"line":240,"column":0},"end":{"line":240,"column":71}},"240":{"start":{"line":241,"column":0},"end":{"line":241,"column":56}},"241":{"start":{"line":242,"column":0},"end":{"line":242,"column":3}},"242":{"start":{"line":243,"column":0},"end":{"line":243,"column":34}},"243":{"start":{"line":244,"column":0},"end":{"line":244,"column":28}},"244":{"start":{"line":245,"column":0},"end":{"line":245,"column":20}},"245":{"start":{"line":246,"column":0},"end":{"line":246,"column":5}},"246":{"start":{"line":247,"column":0},"end":{"line":247,"column":0}},"247":{"start":{"line":248,"column":0},"end":{"line":248,"column":40}},"248":{"start":{"line":249,"column":0},"end":{"line":249,"column":38}},"249":{"start":{"line":250,"column":0},"end":{"line":250,"column":20}},"250":{"start":{"line":251,"column":0},"end":{"line":251,"column":5}},"251":{"start":{"line":252,"column":0},"end":{"line":252,"column":0}},"252":{"start":{"line":253,"column":0},"end":{"line":253,"column":41}},"253":{"start":{"line":254,"column":0},"end":{"line":254,"column":30}},"254":{"start":{"line":255,"column":0},"end":{"line":255,"column":0}},"255":{"start":{"line":256,"column":0},"end":{"line":256,"column":53}},"256":{"start":{"line":257,"column":0},"end":{"line":257,"column":56}},"257":{"start":{"line":258,"column":0},"end":{"line":258,"column":39}},"258":{"start":{"line":259,"column":0},"end":{"line":259,"column":42}},"259":{"start":{"line":260,"column":0},"end":{"line":260,"column":20}},"260":{"start":{"line":261,"column":0},"end":{"line":261,"column":5}},"261":{"start":{"line":262,"column":0},"end":{"line":262,"column":0}},"262":{"start":{"line":263,"column":0},"end":{"line":263,"column":63}},"263":{"start":{"line":264,"column":0},"end":{"line":264,"column":25}},"264":{"start":{"line":265,"column":0},"end":{"line":265,"column":29}},"265":{"start":{"line":266,"column":0},"end":{"line":266,"column":0}},"266":{"start":{"line":267,"column":0},"end":{"line":267,"column":79}},"267":{"start":{"line":268,"column":0},"end":{"line":268,"column":47}},"268":{"start":{"line":269,"column":0},"end":{"line":269,"column":35}},"269":{"start":{"line":270,"column":0},"end":{"line":270,"column":0}},"270":{"start":{"line":271,"column":0},"end":{"line":271,"column":45}},"271":{"start":{"line":272,"column":0},"end":{"line":272,"column":70}},"272":{"start":{"line":273,"column":0},"end":{"line":273,"column":0}},"273":{"start":{"line":274,"column":0},"end":{"line":274,"column":56}},"274":{"start":{"line":275,"column":0},"end":{"line":275,"column":52}},"275":{"start":{"line":276,"column":0},"end":{"line":276,"column":66}},"276":{"start":{"line":277,"column":0},"end":{"line":277,"column":65}},"277":{"start":{"line":278,"column":0},"end":{"line":278,"column":38}},"278":{"start":{"line":279,"column":0},"end":{"line":279,"column":63}},"279":{"start":{"line":280,"column":0},"end":{"line":280,"column":13}},"280":{"start":{"line":281,"column":0},"end":{"line":281,"column":9}},"281":{"start":{"line":282,"column":0},"end":{"line":282,"column":5}},"282":{"start":{"line":283,"column":0},"end":{"line":283,"column":0}},"283":{"start":{"line":284,"column":0},"end":{"line":284,"column":21}},"284":{"start":{"line":285,"column":0},"end":{"line":285,"column":1}},"285":{"start":{"line":286,"column":0},"end":{"line":286,"column":0}},"286":{"start":{"line":287,"column":0},"end":{"line":287,"column":3}},"287":{"start":{"line":288,"column":0},"end":{"line":288,"column":46}},"288":{"start":{"line":289,"column":0},"end":{"line":289,"column":20}},"289":{"start":{"line":290,"column":0},"end":{"line":290,"column":29}},"290":{"start":{"line":291,"column":0},"end":{"line":291,"column":35}},"291":{"start":{"line":292,"column":0},"end":{"line":292,"column":37}},"292":{"start":{"line":293,"column":0},"end":{"line":293,"column":68}},"293":{"start":{"line":294,"column":0},"end":{"line":294,"column":3}},"294":{"start":{"line":295,"column":0},"end":{"line":295,"column":29}},"295":{"start":{"line":296,"column":0},"end":{"line":296,"column":28}},"296":{"start":{"line":297,"column":0},"end":{"line":297,"column":20}},"297":{"start":{"line":298,"column":0},"end":{"line":298,"column":5}},"298":{"start":{"line":299,"column":0},"end":{"line":299,"column":0}},"299":{"start":{"line":300,"column":0},"end":{"line":300,"column":39}},"300":{"start":{"line":301,"column":0},"end":{"line":301,"column":36}},"301":{"start":{"line":302,"column":0},"end":{"line":302,"column":41}},"302":{"start":{"line":303,"column":0},"end":{"line":303,"column":5}},"303":{"start":{"line":304,"column":0},"end":{"line":304,"column":0}},"304":{"start":{"line":305,"column":0},"end":{"line":305,"column":37}},"305":{"start":{"line":306,"column":0},"end":{"line":306,"column":47}},"306":{"start":{"line":307,"column":0},"end":{"line":307,"column":21}},"307":{"start":{"line":308,"column":0},"end":{"line":308,"column":26}},"308":{"start":{"line":309,"column":0},"end":{"line":309,"column":5}},"309":{"start":{"line":310,"column":0},"end":{"line":310,"column":0}},"310":{"start":{"line":311,"column":0},"end":{"line":311,"column":44}},"311":{"start":{"line":312,"column":0},"end":{"line":312,"column":40}},"312":{"start":{"line":313,"column":0},"end":{"line":313,"column":43}},"313":{"start":{"line":314,"column":0},"end":{"line":314,"column":38}},"314":{"start":{"line":315,"column":0},"end":{"line":315,"column":5}},"315":{"start":{"line":316,"column":0},"end":{"line":316,"column":0}},"316":{"start":{"line":317,"column":0},"end":{"line":317,"column":16}},"317":{"start":{"line":318,"column":0},"end":{"line":318,"column":1}},"318":{"start":{"line":319,"column":0},"end":{"line":319,"column":0}},"319":{"start":{"line":320,"column":0},"end":{"line":320,"column":3}},"320":{"start":{"line":321,"column":0},"end":{"line":321,"column":64}},"321":{"start":{"line":322,"column":0},"end":{"line":322,"column":38}},"322":{"start":{"line":323,"column":0},"end":{"line":323,"column":54}},"323":{"start":{"line":324,"column":0},"end":{"line":324,"column":61}},"324":{"start":{"line":325,"column":0},"end":{"line":325,"column":48}},"325":{"start":{"line":326,"column":0},"end":{"line":326,"column":3}},"326":{"start":{"line":327,"column":0},"end":{"line":327,"column":38}},"327":{"start":{"line":328,"column":0},"end":{"line":328,"column":41}},"328":{"start":{"line":329,"column":0},"end":{"line":329,"column":0}},"329":{"start":{"line":330,"column":0},"end":{"line":330,"column":27}},"330":{"start":{"line":331,"column":0},"end":{"line":331,"column":51}},"331":{"start":{"line":332,"column":0},"end":{"line":332,"column":17}},"332":{"start":{"line":333,"column":0},"end":{"line":333,"column":82}},"333":{"start":{"line":334,"column":0},"end":{"line":334,"column":9}},"334":{"start":{"line":335,"column":0},"end":{"line":335,"column":5}},"335":{"start":{"line":336,"column":0},"end":{"line":336,"column":0}},"336":{"start":{"line":337,"column":0},"end":{"line":337,"column":35}},"337":{"start":{"line":338,"column":0},"end":{"line":338,"column":58}},"338":{"start":{"line":339,"column":0},"end":{"line":339,"column":1}},"339":{"start":{"line":340,"column":0},"end":{"line":340,"column":0}},"340":{"start":{"line":341,"column":0},"end":{"line":341,"column":3}},"341":{"start":{"line":342,"column":0},"end":{"line":342,"column":75}},"342":{"start":{"line":343,"column":0},"end":{"line":343,"column":72}},"343":{"start":{"line":344,"column":0},"end":{"line":344,"column":51}},"344":{"start":{"line":345,"column":0},"end":{"line":345,"column":2}},"345":{"start":{"line":346,"column":0},"end":{"line":346,"column":53}},"346":{"start":{"line":347,"column":0},"end":{"line":347,"column":67}},"347":{"start":{"line":348,"column":0},"end":{"line":348,"column":2}},"348":{"start":{"line":349,"column":0},"end":{"line":349,"column":61}},"349":{"start":{"line":350,"column":0},"end":{"line":350,"column":67}},"350":{"start":{"line":351,"column":0},"end":{"line":351,"column":3}},"351":{"start":{"line":352,"column":0},"end":{"line":352,"column":45}},"352":{"start":{"line":353,"column":0},"end":{"line":353,"column":41}},"353":{"start":{"line":354,"column":0},"end":{"line":354,"column":0}},"354":{"start":{"line":355,"column":0},"end":{"line":355,"column":27}},"355":{"start":{"line":356,"column":0},"end":{"line":356,"column":51}},"356":{"start":{"line":357,"column":0},"end":{"line":357,"column":17}},"357":{"start":{"line":358,"column":0},"end":{"line":358,"column":39}},"358":{"start":{"line":359,"column":0},"end":{"line":359,"column":118}},"359":{"start":{"line":360,"column":0},"end":{"line":360,"column":56}},"360":{"start":{"line":361,"column":0},"end":{"line":361,"column":46}},"361":{"start":{"line":362,"column":0},"end":{"line":362,"column":13}},"362":{"start":{"line":363,"column":0},"end":{"line":363,"column":41}},"363":{"start":{"line":364,"column":0},"end":{"line":364,"column":114}},"364":{"start":{"line":365,"column":0},"end":{"line":365,"column":59}},"365":{"start":{"line":366,"column":0},"end":{"line":366,"column":49}},"366":{"start":{"line":367,"column":0},"end":{"line":367,"column":13}},"367":{"start":{"line":368,"column":0},"end":{"line":368,"column":51}},"368":{"start":{"line":369,"column":0},"end":{"line":369,"column":42}},"369":{"start":{"line":370,"column":0},"end":{"line":370,"column":9}},"370":{"start":{"line":371,"column":0},"end":{"line":371,"column":5}},"371":{"start":{"line":372,"column":0},"end":{"line":372,"column":0}},"372":{"start":{"line":373,"column":0},"end":{"line":373,"column":31}},"373":{"start":{"line":374,"column":0},"end":{"line":374,"column":79}},"374":{"start":{"line":375,"column":0},"end":{"line":375,"column":33}},"375":{"start":{"line":376,"column":0},"end":{"line":376,"column":23}},"376":{"start":{"line":377,"column":0},"end":{"line":377,"column":5}},"377":{"start":{"line":378,"column":0},"end":{"line":378,"column":0}},"378":{"start":{"line":379,"column":0},"end":{"line":379,"column":33}},"379":{"start":{"line":380,"column":0},"end":{"line":380,"column":75}},"380":{"start":{"line":381,"column":0},"end":{"line":381,"column":36}},"381":{"start":{"line":382,"column":0},"end":{"line":382,"column":26}},"382":{"start":{"line":383,"column":0},"end":{"line":383,"column":5}},"383":{"start":{"line":384,"column":0},"end":{"line":384,"column":0}},"384":{"start":{"line":385,"column":0},"end":{"line":385,"column":43}},"385":{"start":{"line":386,"column":0},"end":{"line":386,"column":19}},"386":{"start":{"line":387,"column":0},"end":{"line":387,"column":1}},"387":{"start":{"line":388,"column":0},"end":{"line":388,"column":0}},"388":{"start":{"line":389,"column":0},"end":{"line":389,"column":3}},"389":{"start":{"line":390,"column":0},"end":{"line":390,"column":74}},"390":{"start":{"line":391,"column":0},"end":{"line":391,"column":26}},"391":{"start":{"line":392,"column":0},"end":{"line":392,"column":66}},"392":{"start":{"line":393,"column":0},"end":{"line":393,"column":61}},"393":{"start":{"line":394,"column":0},"end":{"line":394,"column":61}},"394":{"start":{"line":395,"column":0},"end":{"line":395,"column":57}},"395":{"start":{"line":396,"column":0},"end":{"line":396,"column":3}},"396":{"start":{"line":397,"column":0},"end":{"line":397,"column":37}},"397":{"start":{"line":398,"column":0},"end":{"line":398,"column":41}},"398":{"start":{"line":399,"column":0},"end":{"line":399,"column":0}},"399":{"start":{"line":400,"column":0},"end":{"line":400,"column":27}},"400":{"start":{"line":401,"column":0},"end":{"line":401,"column":51}},"401":{"start":{"line":402,"column":0},"end":{"line":402,"column":17}},"402":{"start":{"line":403,"column":0},"end":{"line":403,"column":48}},"403":{"start":{"line":404,"column":0},"end":{"line":404,"column":63}},"404":{"start":{"line":405,"column":0},"end":{"line":405,"column":71}},"405":{"start":{"line":406,"column":0},"end":{"line":406,"column":46}},"406":{"start":{"line":407,"column":0},"end":{"line":407,"column":72}},"407":{"start":{"line":408,"column":0},"end":{"line":408,"column":17}},"408":{"start":{"line":409,"column":0},"end":{"line":409,"column":13}},"409":{"start":{"line":410,"column":0},"end":{"line":410,"column":54}},"410":{"start":{"line":411,"column":0},"end":{"line":411,"column":9}},"411":{"start":{"line":412,"column":0},"end":{"line":412,"column":5}},"412":{"start":{"line":413,"column":0},"end":{"line":413,"column":0}},"413":{"start":{"line":414,"column":0},"end":{"line":414,"column":42}},"414":{"start":{"line":415,"column":0},"end":{"line":415,"column":1}},"415":{"start":{"line":416,"column":0},"end":{"line":416,"column":0}},"416":{"start":{"line":417,"column":0},"end":{"line":417,"column":3}},"417":{"start":{"line":418,"column":0},"end":{"line":418,"column":83}},"418":{"start":{"line":419,"column":0},"end":{"line":419,"column":45}},"419":{"start":{"line":420,"column":0},"end":{"line":420,"column":60}},"420":{"start":{"line":421,"column":0},"end":{"line":421,"column":61}},"421":{"start":{"line":422,"column":0},"end":{"line":422,"column":63}},"422":{"start":{"line":423,"column":0},"end":{"line":423,"column":3}},"423":{"start":{"line":424,"column":0},"end":{"line":424,"column":47}},"424":{"start":{"line":425,"column":0},"end":{"line":425,"column":41}},"425":{"start":{"line":426,"column":0},"end":{"line":426,"column":0}},"426":{"start":{"line":427,"column":0},"end":{"line":427,"column":27}},"427":{"start":{"line":428,"column":0},"end":{"line":428,"column":51}},"428":{"start":{"line":429,"column":0},"end":{"line":429,"column":17}},"429":{"start":{"line":430,"column":0},"end":{"line":430,"column":90}},"430":{"start":{"line":431,"column":0},"end":{"line":431,"column":9}},"431":{"start":{"line":432,"column":0},"end":{"line":432,"column":5}},"432":{"start":{"line":433,"column":0},"end":{"line":433,"column":0}},"433":{"start":{"line":434,"column":0},"end":{"line":434,"column":67}},"434":{"start":{"line":435,"column":0},"end":{"line":435,"column":1}},"435":{"start":{"line":436,"column":0},"end":{"line":436,"column":0}},"436":{"start":{"line":437,"column":0},"end":{"line":437,"column":3}},"437":{"start":{"line":438,"column":0},"end":{"line":438,"column":82}},"438":{"start":{"line":439,"column":0},"end":{"line":439,"column":2}},"439":{"start":{"line":440,"column":0},"end":{"line":440,"column":67}},"440":{"start":{"line":441,"column":0},"end":{"line":441,"column":81}},"441":{"start":{"line":442,"column":0},"end":{"line":442,"column":2}},"442":{"start":{"line":443,"column":0},"end":{"line":443,"column":61}},"443":{"start":{"line":444,"column":0},"end":{"line":444,"column":62}},"444":{"start":{"line":445,"column":0},"end":{"line":445,"column":3}},"445":{"start":{"line":446,"column":0},"end":{"line":446,"column":49}},"446":{"start":{"line":447,"column":0},"end":{"line":447,"column":41}},"447":{"start":{"line":448,"column":0},"end":{"line":448,"column":0}},"448":{"start":{"line":449,"column":0},"end":{"line":449,"column":27}},"449":{"start":{"line":450,"column":0},"end":{"line":450,"column":51}},"450":{"start":{"line":451,"column":0},"end":{"line":451,"column":17}},"451":{"start":{"line":452,"column":0},"end":{"line":452,"column":39}},"452":{"start":{"line":453,"column":0},"end":{"line":453,"column":117}},"453":{"start":{"line":454,"column":0},"end":{"line":454,"column":41}},"454":{"start":{"line":455,"column":0},"end":{"line":455,"column":31}},"455":{"start":{"line":456,"column":0},"end":{"line":456,"column":13}},"456":{"start":{"line":457,"column":0},"end":{"line":457,"column":41}},"457":{"start":{"line":458,"column":0},"end":{"line":458,"column":113}},"458":{"start":{"line":459,"column":0},"end":{"line":459,"column":44}},"459":{"start":{"line":460,"column":0},"end":{"line":460,"column":34}},"460":{"start":{"line":461,"column":0},"end":{"line":461,"column":13}},"461":{"start":{"line":462,"column":0},"end":{"line":462,"column":27}},"462":{"start":{"line":463,"column":0},"end":{"line":463,"column":9}},"463":{"start":{"line":464,"column":0},"end":{"line":464,"column":5}},"464":{"start":{"line":465,"column":0},"end":{"line":465,"column":0}},"465":{"start":{"line":466,"column":0},"end":{"line":466,"column":31}},"466":{"start":{"line":467,"column":0},"end":{"line":467,"column":93}},"467":{"start":{"line":468,"column":0},"end":{"line":468,"column":33}},"468":{"start":{"line":469,"column":0},"end":{"line":469,"column":23}},"469":{"start":{"line":470,"column":0},"end":{"line":470,"column":5}},"470":{"start":{"line":471,"column":0},"end":{"line":471,"column":0}},"471":{"start":{"line":472,"column":0},"end":{"line":472,"column":33}},"472":{"start":{"line":473,"column":0},"end":{"line":473,"column":89}},"473":{"start":{"line":474,"column":0},"end":{"line":474,"column":36}},"474":{"start":{"line":475,"column":0},"end":{"line":475,"column":26}},"475":{"start":{"line":476,"column":0},"end":{"line":476,"column":5}},"476":{"start":{"line":477,"column":0},"end":{"line":477,"column":0}},"477":{"start":{"line":478,"column":0},"end":{"line":478,"column":19}},"478":{"start":{"line":479,"column":0},"end":{"line":479,"column":1}},"479":{"start":{"line":480,"column":0},"end":{"line":480,"column":0}},"480":{"start":{"line":481,"column":0},"end":{"line":481,"column":3}},"481":{"start":{"line":482,"column":0},"end":{"line":482,"column":84}},"482":{"start":{"line":483,"column":0},"end":{"line":483,"column":2}},"483":{"start":{"line":484,"column":0},"end":{"line":484,"column":67}},"484":{"start":{"line":485,"column":0},"end":{"line":485,"column":81}},"485":{"start":{"line":486,"column":0},"end":{"line":486,"column":2}},"486":{"start":{"line":487,"column":0},"end":{"line":487,"column":61}},"487":{"start":{"line":488,"column":0},"end":{"line":488,"column":64}},"488":{"start":{"line":489,"column":0},"end":{"line":489,"column":3}},"489":{"start":{"line":490,"column":0},"end":{"line":490,"column":44}},"490":{"start":{"line":491,"column":0},"end":{"line":491,"column":41}},"491":{"start":{"line":492,"column":0},"end":{"line":492,"column":0}},"492":{"start":{"line":493,"column":0},"end":{"line":493,"column":27}},"493":{"start":{"line":494,"column":0},"end":{"line":494,"column":51}},"494":{"start":{"line":495,"column":0},"end":{"line":495,"column":17}},"495":{"start":{"line":496,"column":0},"end":{"line":496,"column":39}},"496":{"start":{"line":497,"column":0},"end":{"line":497,"column":117}},"497":{"start":{"line":498,"column":0},"end":{"line":498,"column":41}},"498":{"start":{"line":499,"column":0},"end":{"line":499,"column":31}},"499":{"start":{"line":500,"column":0},"end":{"line":500,"column":13}},"500":{"start":{"line":501,"column":0},"end":{"line":501,"column":41}},"501":{"start":{"line":502,"column":0},"end":{"line":502,"column":113}},"502":{"start":{"line":503,"column":0},"end":{"line":503,"column":44}},"503":{"start":{"line":504,"column":0},"end":{"line":504,"column":34}},"504":{"start":{"line":505,"column":0},"end":{"line":505,"column":13}},"505":{"start":{"line":506,"column":0},"end":{"line":506,"column":27}},"506":{"start":{"line":507,"column":0},"end":{"line":507,"column":9}},"507":{"start":{"line":508,"column":0},"end":{"line":508,"column":5}},"508":{"start":{"line":509,"column":0},"end":{"line":509,"column":0}},"509":{"start":{"line":510,"column":0},"end":{"line":510,"column":31}},"510":{"start":{"line":511,"column":0},"end":{"line":511,"column":93}},"511":{"start":{"line":512,"column":0},"end":{"line":512,"column":33}},"512":{"start":{"line":513,"column":0},"end":{"line":513,"column":23}},"513":{"start":{"line":514,"column":0},"end":{"line":514,"column":5}},"514":{"start":{"line":515,"column":0},"end":{"line":515,"column":0}},"515":{"start":{"line":516,"column":0},"end":{"line":516,"column":33}},"516":{"start":{"line":517,"column":0},"end":{"line":517,"column":89}},"517":{"start":{"line":518,"column":0},"end":{"line":518,"column":36}},"518":{"start":{"line":519,"column":0},"end":{"line":519,"column":26}},"519":{"start":{"line":520,"column":0},"end":{"line":520,"column":5}},"520":{"start":{"line":521,"column":0},"end":{"line":521,"column":0}},"521":{"start":{"line":522,"column":0},"end":{"line":522,"column":19}},"522":{"start":{"line":523,"column":0},"end":{"line":523,"column":1}},"523":{"start":{"line":524,"column":0},"end":{"line":524,"column":0}},"524":{"start":{"line":525,"column":0},"end":{"line":525,"column":3}},"525":{"start":{"line":526,"column":0},"end":{"line":526,"column":73}},"526":{"start":{"line":527,"column":0},"end":{"line":527,"column":2}},"527":{"start":{"line":528,"column":0},"end":{"line":528,"column":46}},"528":{"start":{"line":529,"column":0},"end":{"line":529,"column":60}},"529":{"start":{"line":530,"column":0},"end":{"line":530,"column":2}},"530":{"start":{"line":531,"column":0},"end":{"line":531,"column":61}},"531":{"start":{"line":532,"column":0},"end":{"line":532,"column":46}},"532":{"start":{"line":533,"column":0},"end":{"line":533,"column":3}},"533":{"start":{"line":534,"column":0},"end":{"line":534,"column":38}},"534":{"start":{"line":535,"column":0},"end":{"line":535,"column":41}},"535":{"start":{"line":536,"column":0},"end":{"line":536,"column":0}},"536":{"start":{"line":537,"column":0},"end":{"line":537,"column":27}},"537":{"start":{"line":538,"column":0},"end":{"line":538,"column":51}},"538":{"start":{"line":539,"column":0},"end":{"line":539,"column":17}},"539":{"start":{"line":540,"column":0},"end":{"line":540,"column":96}},"540":{"start":{"line":541,"column":0},"end":{"line":541,"column":41}},"541":{"start":{"line":542,"column":0},"end":{"line":542,"column":31}},"542":{"start":{"line":543,"column":0},"end":{"line":543,"column":13}},"543":{"start":{"line":544,"column":0},"end":{"line":544,"column":92}},"544":{"start":{"line":545,"column":0},"end":{"line":545,"column":44}},"545":{"start":{"line":546,"column":0},"end":{"line":546,"column":34}},"546":{"start":{"line":547,"column":0},"end":{"line":547,"column":13}},"547":{"start":{"line":548,"column":0},"end":{"line":548,"column":27}},"548":{"start":{"line":549,"column":0},"end":{"line":549,"column":9}},"549":{"start":{"line":550,"column":0},"end":{"line":550,"column":5}},"550":{"start":{"line":551,"column":0},"end":{"line":551,"column":0}},"551":{"start":{"line":552,"column":0},"end":{"line":552,"column":72}},"552":{"start":{"line":553,"column":0},"end":{"line":553,"column":33}},"553":{"start":{"line":554,"column":0},"end":{"line":554,"column":23}},"554":{"start":{"line":555,"column":0},"end":{"line":555,"column":5}},"555":{"start":{"line":556,"column":0},"end":{"line":556,"column":0}},"556":{"start":{"line":557,"column":0},"end":{"line":557,"column":68}},"557":{"start":{"line":558,"column":0},"end":{"line":558,"column":36}},"558":{"start":{"line":559,"column":0},"end":{"line":559,"column":26}},"559":{"start":{"line":560,"column":0},"end":{"line":560,"column":5}},"560":{"start":{"line":561,"column":0},"end":{"line":561,"column":0}},"561":{"start":{"line":562,"column":0},"end":{"line":562,"column":19}},"562":{"start":{"line":563,"column":0},"end":{"line":563,"column":1}},"563":{"start":{"line":564,"column":0},"end":{"line":564,"column":0}},"564":{"start":{"line":565,"column":0},"end":{"line":565,"column":3}},"565":{"start":{"line":566,"column":0},"end":{"line":566,"column":80}},"566":{"start":{"line":567,"column":0},"end":{"line":567,"column":2}},"567":{"start":{"line":568,"column":0},"end":{"line":568,"column":63}},"568":{"start":{"line":569,"column":0},"end":{"line":569,"column":77}},"569":{"start":{"line":570,"column":0},"end":{"line":570,"column":2}},"570":{"start":{"line":571,"column":0},"end":{"line":571,"column":61}},"571":{"start":{"line":572,"column":0},"end":{"line":572,"column":63}},"572":{"start":{"line":573,"column":0},"end":{"line":573,"column":3}},"573":{"start":{"line":574,"column":0},"end":{"line":574,"column":47}},"574":{"start":{"line":575,"column":0},"end":{"line":575,"column":41}},"575":{"start":{"line":576,"column":0},"end":{"line":576,"column":0}},"576":{"start":{"line":577,"column":0},"end":{"line":577,"column":27}},"577":{"start":{"line":578,"column":0},"end":{"line":578,"column":51}},"578":{"start":{"line":579,"column":0},"end":{"line":579,"column":17}},"579":{"start":{"line":580,"column":0},"end":{"line":580,"column":113}},"580":{"start":{"line":581,"column":0},"end":{"line":581,"column":41}},"581":{"start":{"line":582,"column":0},"end":{"line":582,"column":31}},"582":{"start":{"line":583,"column":0},"end":{"line":583,"column":13}},"583":{"start":{"line":584,"column":0},"end":{"line":584,"column":109}},"584":{"start":{"line":585,"column":0},"end":{"line":585,"column":44}},"585":{"start":{"line":586,"column":0},"end":{"line":586,"column":34}},"586":{"start":{"line":587,"column":0},"end":{"line":587,"column":13}},"587":{"start":{"line":588,"column":0},"end":{"line":588,"column":27}},"588":{"start":{"line":589,"column":0},"end":{"line":589,"column":9}},"589":{"start":{"line":590,"column":0},"end":{"line":590,"column":5}},"590":{"start":{"line":591,"column":0},"end":{"line":591,"column":0}},"591":{"start":{"line":592,"column":0},"end":{"line":592,"column":89}},"592":{"start":{"line":593,"column":0},"end":{"line":593,"column":33}},"593":{"start":{"line":594,"column":0},"end":{"line":594,"column":23}},"594":{"start":{"line":595,"column":0},"end":{"line":595,"column":5}},"595":{"start":{"line":596,"column":0},"end":{"line":596,"column":0}},"596":{"start":{"line":597,"column":0},"end":{"line":597,"column":85}},"597":{"start":{"line":598,"column":0},"end":{"line":598,"column":36}},"598":{"start":{"line":599,"column":0},"end":{"line":599,"column":26}},"599":{"start":{"line":600,"column":0},"end":{"line":600,"column":5}},"600":{"start":{"line":601,"column":0},"end":{"line":601,"column":0}},"601":{"start":{"line":602,"column":0},"end":{"line":602,"column":19}},"602":{"start":{"line":603,"column":0},"end":{"line":603,"column":1}},"603":{"start":{"line":604,"column":0},"end":{"line":604,"column":0}},"604":{"start":{"line":605,"column":0},"end":{"line":605,"column":3}},"605":{"start":{"line":606,"column":0},"end":{"line":606,"column":72}},"606":{"start":{"line":607,"column":0},"end":{"line":607,"column":2}},"607":{"start":{"line":608,"column":0},"end":{"line":608,"column":57}},"608":{"start":{"line":609,"column":0},"end":{"line":609,"column":71}},"609":{"start":{"line":610,"column":0},"end":{"line":610,"column":2}},"610":{"start":{"line":611,"column":0},"end":{"line":611,"column":61}},"611":{"start":{"line":612,"column":0},"end":{"line":612,"column":106}},"612":{"start":{"line":613,"column":0},"end":{"line":613,"column":57}},"613":{"start":{"line":614,"column":0},"end":{"line":614,"column":3}},"614":{"start":{"line":615,"column":0},"end":{"line":615,"column":54}},"615":{"start":{"line":616,"column":0},"end":{"line":616,"column":41}},"616":{"start":{"line":617,"column":0},"end":{"line":617,"column":86}},"617":{"start":{"line":618,"column":0},"end":{"line":618,"column":0}},"618":{"start":{"line":619,"column":0},"end":{"line":619,"column":27}},"619":{"start":{"line":620,"column":0},"end":{"line":620,"column":51}},"620":{"start":{"line":621,"column":0},"end":{"line":621,"column":17}},"621":{"start":{"line":622,"column":0},"end":{"line":622,"column":94}},"622":{"start":{"line":623,"column":0},"end":{"line":623,"column":41}},"623":{"start":{"line":624,"column":0},"end":{"line":624,"column":31}},"624":{"start":{"line":625,"column":0},"end":{"line":625,"column":13}},"625":{"start":{"line":626,"column":0},"end":{"line":626,"column":90}},"626":{"start":{"line":627,"column":0},"end":{"line":627,"column":44}},"627":{"start":{"line":628,"column":0},"end":{"line":628,"column":34}},"628":{"start":{"line":629,"column":0},"end":{"line":629,"column":13}},"629":{"start":{"line":630,"column":0},"end":{"line":630,"column":27}},"630":{"start":{"line":631,"column":0},"end":{"line":631,"column":9}},"631":{"start":{"line":632,"column":0},"end":{"line":632,"column":5}},"632":{"start":{"line":633,"column":0},"end":{"line":633,"column":0}},"633":{"start":{"line":634,"column":0},"end":{"line":634,"column":70}},"634":{"start":{"line":635,"column":0},"end":{"line":635,"column":33}},"635":{"start":{"line":636,"column":0},"end":{"line":636,"column":23}},"636":{"start":{"line":637,"column":0},"end":{"line":637,"column":5}},"637":{"start":{"line":638,"column":0},"end":{"line":638,"column":0}},"638":{"start":{"line":639,"column":0},"end":{"line":639,"column":66}},"639":{"start":{"line":640,"column":0},"end":{"line":640,"column":36}},"640":{"start":{"line":641,"column":0},"end":{"line":641,"column":26}},"641":{"start":{"line":642,"column":0},"end":{"line":642,"column":5}},"642":{"start":{"line":643,"column":0},"end":{"line":643,"column":0}},"643":{"start":{"line":644,"column":0},"end":{"line":644,"column":19}},"644":{"start":{"line":645,"column":0},"end":{"line":645,"column":1}},"645":{"start":{"line":646,"column":0},"end":{"line":646,"column":0}},"646":{"start":{"line":647,"column":0},"end":{"line":647,"column":3}},"647":{"start":{"line":648,"column":0},"end":{"line":648,"column":75}},"648":{"start":{"line":649,"column":0},"end":{"line":649,"column":61}},"649":{"start":{"line":650,"column":0},"end":{"line":650,"column":2}},"650":{"start":{"line":651,"column":0},"end":{"line":651,"column":61}},"651":{"start":{"line":652,"column":0},"end":{"line":652,"column":78}},"652":{"start":{"line":653,"column":0},"end":{"line":653,"column":3}},"653":{"start":{"line":654,"column":0},"end":{"line":654,"column":42}},"654":{"start":{"line":655,"column":0},"end":{"line":655,"column":41}},"655":{"start":{"line":656,"column":0},"end":{"line":656,"column":0}},"656":{"start":{"line":657,"column":0},"end":{"line":657,"column":27}},"657":{"start":{"line":658,"column":0},"end":{"line":658,"column":51}},"658":{"start":{"line":659,"column":0},"end":{"line":659,"column":17}},"659":{"start":{"line":660,"column":0},"end":{"line":660,"column":75}},"660":{"start":{"line":661,"column":0},"end":{"line":661,"column":9}},"661":{"start":{"line":662,"column":0},"end":{"line":662,"column":5}},"662":{"start":{"line":663,"column":0},"end":{"line":663,"column":0}},"663":{"start":{"line":664,"column":0},"end":{"line":664,"column":51}},"664":{"start":{"line":665,"column":0},"end":{"line":665,"column":1}},"665":{"start":{"line":666,"column":0},"end":{"line":666,"column":0}},"666":{"start":{"line":667,"column":0},"end":{"line":667,"column":3}},"667":{"start":{"line":668,"column":0},"end":{"line":668,"column":60}},"668":{"start":{"line":669,"column":0},"end":{"line":669,"column":63}},"669":{"start":{"line":670,"column":0},"end":{"line":670,"column":49}},"670":{"start":{"line":671,"column":0},"end":{"line":671,"column":3}},"671":{"start":{"line":672,"column":0},"end":{"line":672,"column":30}},"672":{"start":{"line":673,"column":0},"end":{"line":673,"column":41}},"673":{"start":{"line":674,"column":0},"end":{"line":674,"column":83}},"674":{"start":{"line":675,"column":0},"end":{"line":675,"column":87}},"675":{"start":{"line":676,"column":0},"end":{"line":676,"column":0}},"676":{"start":{"line":677,"column":0},"end":{"line":677,"column":80}},"677":{"start":{"line":678,"column":0},"end":{"line":678,"column":1}},"678":{"start":{"line":679,"column":0},"end":{"line":679,"column":0}},"679":{"start":{"line":680,"column":0},"end":{"line":680,"column":3}},"680":{"start":{"line":681,"column":0},"end":{"line":681,"column":47}},"681":{"start":{"line":682,"column":0},"end":{"line":682,"column":70}},"682":{"start":{"line":683,"column":0},"end":{"line":683,"column":71}},"683":{"start":{"line":684,"column":0},"end":{"line":684,"column":3}},"684":{"start":{"line":685,"column":0},"end":{"line":685,"column":42}},"685":{"start":{"line":686,"column":0},"end":{"line":686,"column":64}},"686":{"start":{"line":687,"column":0},"end":{"line":687,"column":0}},"687":{"start":{"line":688,"column":0},"end":{"line":688,"column":39}},"688":{"start":{"line":689,"column":0},"end":{"line":689,"column":20}},"689":{"start":{"line":690,"column":0},"end":{"line":690,"column":5}},"690":{"start":{"line":691,"column":0},"end":{"line":691,"column":0}},"691":{"start":{"line":692,"column":0},"end":{"line":692,"column":9}},"692":{"start":{"line":693,"column":0},"end":{"line":693,"column":65}},"693":{"start":{"line":694,"column":0},"end":{"line":694,"column":17}},"694":{"start":{"line":695,"column":0},"end":{"line":695,"column":20}},"695":{"start":{"line":696,"column":0},"end":{"line":696,"column":5}},"696":{"start":{"line":697,"column":0},"end":{"line":697,"column":1}},"697":{"start":{"line":698,"column":0},"end":{"line":698,"column":0}},"698":{"start":{"line":699,"column":0},"end":{"line":699,"column":76}},"699":{"start":{"line":700,"column":0},"end":{"line":700,"column":39}},"700":{"start":{"line":701,"column":0},"end":{"line":701,"column":76}},"701":{"start":{"line":702,"column":0},"end":{"line":702,"column":0}},"702":{"start":{"line":703,"column":0},"end":{"line":703,"column":3}},"703":{"start":{"line":704,"column":0},"end":{"line":704,"column":58}},"704":{"start":{"line":705,"column":0},"end":{"line":705,"column":59}},"705":{"start":{"line":706,"column":0},"end":{"line":706,"column":88}},"706":{"start":{"line":707,"column":0},"end":{"line":707,"column":65}},"707":{"start":{"line":708,"column":0},"end":{"line":708,"column":3}},"708":{"start":{"line":709,"column":0},"end":{"line":709,"column":27}},"709":{"start":{"line":710,"column":0},"end":{"line":710,"column":14}},"710":{"start":{"line":711,"column":0},"end":{"line":711,"column":96}},"711":{"start":{"line":712,"column":0},"end":{"line":712,"column":57}},"712":{"start":{"line":713,"column":0},"end":{"line":713,"column":6}},"713":{"start":{"line":714,"column":0},"end":{"line":714,"column":19}},"714":{"start":{"line":715,"column":0},"end":{"line":715,"column":109}},"715":{"start":{"line":716,"column":0},"end":{"line":716,"column":48}},"716":{"start":{"line":717,"column":0},"end":{"line":717,"column":6}},"717":{"start":{"line":718,"column":0},"end":{"line":718,"column":13}},"718":{"start":{"line":719,"column":0},"end":{"line":719,"column":92}},"719":{"start":{"line":720,"column":0},"end":{"line":720,"column":47}},"720":{"start":{"line":721,"column":0},"end":{"line":721,"column":6}},"721":{"start":{"line":722,"column":0},"end":{"line":722,"column":15}},"722":{"start":{"line":723,"column":0},"end":{"line":723,"column":97}},"723":{"start":{"line":724,"column":0},"end":{"line":724,"column":33}},"724":{"start":{"line":725,"column":0},"end":{"line":725,"column":6}},"725":{"start":{"line":726,"column":0},"end":{"line":726,"column":21}},"726":{"start":{"line":727,"column":0},"end":{"line":727,"column":105}},"727":{"start":{"line":728,"column":0},"end":{"line":728,"column":37}},"728":{"start":{"line":729,"column":0},"end":{"line":729,"column":6}},"729":{"start":{"line":730,"column":0},"end":{"line":730,"column":19}},"730":{"start":{"line":731,"column":0},"end":{"line":731,"column":89}},"731":{"start":{"line":732,"column":0},"end":{"line":732,"column":35}},"732":{"start":{"line":733,"column":0},"end":{"line":733,"column":6}},"733":{"start":{"line":734,"column":0},"end":{"line":734,"column":13}},"734":{"start":{"line":735,"column":0},"end":{"line":735,"column":82}},"735":{"start":{"line":736,"column":0},"end":{"line":736,"column":34}},"736":{"start":{"line":737,"column":0},"end":{"line":737,"column":5}},"737":{"start":{"line":738,"column":0},"end":{"line":738,"column":2}},"738":{"start":{"line":739,"column":0},"end":{"line":739,"column":0}},"739":{"start":{"line":740,"column":0},"end":{"line":740,"column":3}},"740":{"start":{"line":741,"column":0},"end":{"line":741,"column":68}},"741":{"start":{"line":742,"column":0},"end":{"line":742,"column":72}},"742":{"start":{"line":743,"column":0},"end":{"line":743,"column":33}},"743":{"start":{"line":744,"column":0},"end":{"line":744,"column":3}},"744":{"start":{"line":745,"column":0},"end":{"line":745,"column":28}},"745":{"start":{"line":746,"column":0},"end":{"line":746,"column":46}},"746":{"start":{"line":747,"column":0},"end":{"line":747,"column":44}},"747":{"start":{"line":748,"column":0},"end":{"line":748,"column":35}},"748":{"start":{"line":749,"column":0},"end":{"line":749,"column":47}},"749":{"start":{"line":750,"column":0},"end":{"line":750,"column":46}},"750":{"start":{"line":751,"column":0},"end":{"line":751,"column":39}},"751":{"start":{"line":752,"column":0},"end":{"line":752,"column":36}},"752":{"start":{"line":753,"column":0},"end":{"line":753,"column":51}},"753":{"start":{"line":754,"column":0},"end":{"line":754,"column":31}},"754":{"start":{"line":755,"column":0},"end":{"line":755,"column":46}},"755":{"start":{"line":756,"column":0},"end":{"line":756,"column":46}},"756":{"start":{"line":757,"column":0},"end":{"line":757,"column":2}},"757":{"start":{"line":758,"column":0},"end":{"line":758,"column":0}},"758":{"start":{"line":759,"column":0},"end":{"line":759,"column":3}},"759":{"start":{"line":760,"column":0},"end":{"line":760,"column":49}},"760":{"start":{"line":761,"column":0},"end":{"line":761,"column":84}},"761":{"start":{"line":762,"column":0},"end":{"line":762,"column":80}},"762":{"start":{"line":763,"column":0},"end":{"line":763,"column":2}},"763":{"start":{"line":764,"column":0},"end":{"line":764,"column":52}},"764":{"start":{"line":765,"column":0},"end":{"line":765,"column":2}},"765":{"start":{"line":766,"column":0},"end":{"line":766,"column":65}},"766":{"start":{"line":767,"column":0},"end":{"line":767,"column":88}},"767":{"start":{"line":768,"column":0},"end":{"line":768,"column":3}},"768":{"start":{"line":769,"column":0},"end":{"line":769,"column":45}},"769":{"start":{"line":770,"column":0},"end":{"line":770,"column":22}},"770":{"start":{"line":771,"column":0},"end":{"line":771,"column":0}},"771":{"start":{"line":772,"column":0},"end":{"line":772,"column":25}},"772":{"start":{"line":773,"column":0},"end":{"line":773,"column":35}},"773":{"start":{"line":774,"column":0},"end":{"line":774,"column":99}},"774":{"start":{"line":775,"column":0},"end":{"line":775,"column":5}},"775":{"start":{"line":776,"column":0},"end":{"line":776,"column":0}},"776":{"start":{"line":777,"column":0},"end":{"line":777,"column":28}},"777":{"start":{"line":778,"column":0},"end":{"line":778,"column":36}},"778":{"start":{"line":779,"column":0},"end":{"line":779,"column":55}},"779":{"start":{"line":780,"column":0},"end":{"line":780,"column":113}},"780":{"start":{"line":781,"column":0},"end":{"line":781,"column":5}},"781":{"start":{"line":782,"column":0},"end":{"line":782,"column":0}},"782":{"start":{"line":783,"column":0},"end":{"line":783,"column":54}},"783":{"start":{"line":784,"column":0},"end":{"line":784,"column":0}},"784":{"start":{"line":785,"column":0},"end":{"line":785,"column":33}},"785":{"start":{"line":786,"column":0},"end":{"line":786,"column":59}},"786":{"start":{"line":787,"column":0},"end":{"line":787,"column":19}},"787":{"start":{"line":788,"column":0},"end":{"line":788,"column":16}},"788":{"start":{"line":789,"column":0},"end":{"line":789,"column":25}},"789":{"start":{"line":790,"column":0},"end":{"line":790,"column":85}},"790":{"start":{"line":791,"column":0},"end":{"line":791,"column":25}},"791":{"start":{"line":792,"column":0},"end":{"line":792,"column":22}},"792":{"start":{"line":793,"column":0},"end":{"line":793,"column":10}},"793":{"start":{"line":794,"column":0},"end":{"line":794,"column":5}},"794":{"start":{"line":795,"column":0},"end":{"line":795,"column":0}},"795":{"start":{"line":796,"column":0},"end":{"line":796,"column":64}},"796":{"start":{"line":797,"column":0},"end":{"line":797,"column":22}},"797":{"start":{"line":798,"column":0},"end":{"line":798,"column":43}},"798":{"start":{"line":799,"column":0},"end":{"line":799,"column":33}},"799":{"start":{"line":800,"column":0},"end":{"line":800,"column":42}},"800":{"start":{"line":801,"column":0},"end":{"line":801,"column":25}},"801":{"start":{"line":802,"column":0},"end":{"line":802,"column":57}},"802":{"start":{"line":803,"column":0},"end":{"line":803,"column":60}},"803":{"start":{"line":804,"column":0},"end":{"line":804,"column":32}},"804":{"start":{"line":805,"column":0},"end":{"line":805,"column":9}},"805":{"start":{"line":806,"column":0},"end":{"line":806,"column":5}},"806":{"start":{"line":807,"column":0},"end":{"line":807,"column":0}},"807":{"start":{"line":808,"column":0},"end":{"line":808,"column":33}},"808":{"start":{"line":809,"column":0},"end":{"line":809,"column":46}},"809":{"start":{"line":810,"column":0},"end":{"line":810,"column":64}},"810":{"start":{"line":811,"column":0},"end":{"line":811,"column":5}},"811":{"start":{"line":812,"column":0},"end":{"line":812,"column":0}},"812":{"start":{"line":813,"column":0},"end":{"line":813,"column":40}},"813":{"start":{"line":814,"column":0},"end":{"line":814,"column":60}},"814":{"start":{"line":815,"column":0},"end":{"line":815,"column":71}},"815":{"start":{"line":816,"column":0},"end":{"line":816,"column":5}},"816":{"start":{"line":817,"column":0},"end":{"line":817,"column":0}},"817":{"start":{"line":818,"column":0},"end":{"line":818,"column":59}},"818":{"start":{"line":819,"column":0},"end":{"line":819,"column":44}},"819":{"start":{"line":820,"column":0},"end":{"line":820,"column":59}},"820":{"start":{"line":821,"column":0},"end":{"line":821,"column":52}},"821":{"start":{"line":822,"column":0},"end":{"line":822,"column":24}},"822":{"start":{"line":823,"column":0},"end":{"line":823,"column":74}},"823":{"start":{"line":824,"column":0},"end":{"line":824,"column":57}},"824":{"start":{"line":825,"column":0},"end":{"line":825,"column":14}},"825":{"start":{"line":826,"column":0},"end":{"line":826,"column":9}},"826":{"start":{"line":827,"column":0},"end":{"line":827,"column":5}},"827":{"start":{"line":828,"column":0},"end":{"line":828,"column":0}},"828":{"start":{"line":829,"column":0},"end":{"line":829,"column":28}},"829":{"start":{"line":830,"column":0},"end":{"line":830,"column":66}},"830":{"start":{"line":831,"column":0},"end":{"line":831,"column":5}},"831":{"start":{"line":832,"column":0},"end":{"line":832,"column":0}},"832":{"start":{"line":833,"column":0},"end":{"line":833,"column":50}},"833":{"start":{"line":834,"column":0},"end":{"line":834,"column":44}},"834":{"start":{"line":835,"column":0},"end":{"line":835,"column":53}},"835":{"start":{"line":836,"column":0},"end":{"line":836,"column":0}},"836":{"start":{"line":837,"column":0},"end":{"line":837,"column":53}},"837":{"start":{"line":838,"column":0},"end":{"line":838,"column":1}},"838":{"start":{"line":839,"column":0},"end":{"line":839,"column":0}},"839":{"start":{"line":840,"column":0},"end":{"line":840,"column":3}},"840":{"start":{"line":841,"column":0},"end":{"line":841,"column":55}},"841":{"start":{"line":842,"column":0},"end":{"line":842,"column":70}},"842":{"start":{"line":843,"column":0},"end":{"line":843,"column":2}},"843":{"start":{"line":844,"column":0},"end":{"line":844,"column":17}},"844":{"start":{"line":845,"column":0},"end":{"line":845,"column":2}},"845":{"start":{"line":846,"column":0},"end":{"line":846,"column":62}},"846":{"start":{"line":847,"column":0},"end":{"line":847,"column":81}},"847":{"start":{"line":848,"column":0},"end":{"line":848,"column":3}},"848":{"start":{"line":849,"column":0},"end":{"line":849,"column":39}},"849":{"start":{"line":850,"column":0},"end":{"line":850,"column":50}},"850":{"start":{"line":851,"column":0},"end":{"line":851,"column":91}},"851":{"start":{"line":852,"column":0},"end":{"line":852,"column":5}},"852":{"start":{"line":853,"column":0},"end":{"line":853,"column":0}},"853":{"start":{"line":854,"column":0},"end":{"line":854,"column":47}},"854":{"start":{"line":855,"column":0},"end":{"line":855,"column":31}},"855":{"start":{"line":856,"column":0},"end":{"line":856,"column":31}},"856":{"start":{"line":857,"column":0},"end":{"line":857,"column":0}},"857":{"start":{"line":858,"column":0},"end":{"line":858,"column":74}},"858":{"start":{"line":859,"column":0},"end":{"line":859,"column":43}},"859":{"start":{"line":860,"column":0},"end":{"line":860,"column":58}},"860":{"start":{"line":861,"column":0},"end":{"line":861,"column":41}},"861":{"start":{"line":862,"column":0},"end":{"line":862,"column":60}},"862":{"start":{"line":863,"column":0},"end":{"line":863,"column":13}},"863":{"start":{"line":864,"column":0},"end":{"line":864,"column":9}},"864":{"start":{"line":865,"column":0},"end":{"line":865,"column":5}},"865":{"start":{"line":866,"column":0},"end":{"line":866,"column":0}},"866":{"start":{"line":867,"column":0},"end":{"line":867,"column":45}},"867":{"start":{"line":868,"column":0},"end":{"line":868,"column":30}},"868":{"start":{"line":869,"column":0},"end":{"line":869,"column":32}},"869":{"start":{"line":870,"column":0},"end":{"line":870,"column":0}},"870":{"start":{"line":871,"column":0},"end":{"line":871,"column":19}},"871":{"start":{"line":872,"column":0},"end":{"line":872,"column":38}},"872":{"start":{"line":873,"column":0},"end":{"line":873,"column":28}},"873":{"start":{"line":874,"column":0},"end":{"line":874,"column":45}},"874":{"start":{"line":875,"column":0},"end":{"line":875,"column":30}},"875":{"start":{"line":876,"column":0},"end":{"line":876,"column":12}},"876":{"start":{"line":877,"column":0},"end":{"line":877,"column":27}},"877":{"start":{"line":878,"column":0},"end":{"line":878,"column":5}},"878":{"start":{"line":879,"column":0},"end":{"line":879,"column":0}},"879":{"start":{"line":880,"column":0},"end":{"line":880,"column":70}},"880":{"start":{"line":881,"column":0},"end":{"line":881,"column":1}},"881":{"start":{"line":882,"column":0},"end":{"line":882,"column":0}},"882":{"start":{"line":883,"column":0},"end":{"line":883,"column":3}},"883":{"start":{"line":884,"column":0},"end":{"line":884,"column":77}},"884":{"start":{"line":885,"column":0},"end":{"line":885,"column":34}},"885":{"start":{"line":886,"column":0},"end":{"line":886,"column":2}},"886":{"start":{"line":887,"column":0},"end":{"line":887,"column":17}},"887":{"start":{"line":888,"column":0},"end":{"line":888,"column":2}},"888":{"start":{"line":889,"column":0},"end":{"line":889,"column":68}},"889":{"start":{"line":890,"column":0},"end":{"line":890,"column":101}},"890":{"start":{"line":891,"column":0},"end":{"line":891,"column":93}},"891":{"start":{"line":892,"column":0},"end":{"line":892,"column":3}},"892":{"start":{"line":893,"column":0},"end":{"line":893,"column":54}},"893":{"start":{"line":894,"column":0},"end":{"line":894,"column":83}},"894":{"start":{"line":895,"column":0},"end":{"line":895,"column":64}},"895":{"start":{"line":896,"column":0},"end":{"line":896,"column":0}},"896":{"start":{"line":897,"column":0},"end":{"line":897,"column":27}},"897":{"start":{"line":898,"column":0},"end":{"line":898,"column":31}},"898":{"start":{"line":899,"column":0},"end":{"line":899,"column":33}},"899":{"start":{"line":900,"column":0},"end":{"line":900,"column":48}},"900":{"start":{"line":901,"column":0},"end":{"line":901,"column":39}},"901":{"start":{"line":902,"column":0},"end":{"line":902,"column":5}},"902":{"start":{"line":903,"column":0},"end":{"line":903,"column":0}},"903":{"start":{"line":904,"column":0},"end":{"line":904,"column":37}},"904":{"start":{"line":905,"column":0},"end":{"line":905,"column":53}},"905":{"start":{"line":906,"column":0},"end":{"line":906,"column":45}},"906":{"start":{"line":907,"column":0},"end":{"line":907,"column":56}},"907":{"start":{"line":908,"column":0},"end":{"line":908,"column":5}},"908":{"start":{"line":909,"column":0},"end":{"line":909,"column":0}},"909":{"start":{"line":910,"column":0},"end":{"line":910,"column":30}},"910":{"start":{"line":911,"column":0},"end":{"line":911,"column":34}},"911":{"start":{"line":912,"column":0},"end":{"line":912,"column":59}},"912":{"start":{"line":913,"column":0},"end":{"line":913,"column":64}},"913":{"start":{"line":914,"column":0},"end":{"line":914,"column":96}},"914":{"start":{"line":915,"column":0},"end":{"line":915,"column":42}},"915":{"start":{"line":916,"column":0},"end":{"line":916,"column":9}},"916":{"start":{"line":917,"column":0},"end":{"line":917,"column":5}},"917":{"start":{"line":918,"column":0},"end":{"line":918,"column":84}},"918":{"start":{"line":919,"column":0},"end":{"line":919,"column":78}},"919":{"start":{"line":920,"column":0},"end":{"line":920,"column":36}},"920":{"start":{"line":921,"column":0},"end":{"line":921,"column":5}},"921":{"start":{"line":922,"column":0},"end":{"line":922,"column":0}},"922":{"start":{"line":923,"column":0},"end":{"line":923,"column":12}},"923":{"start":{"line":924,"column":0},"end":{"line":924,"column":37}},"924":{"start":{"line":925,"column":0},"end":{"line":925,"column":15}},"925":{"start":{"line":926,"column":0},"end":{"line":926,"column":22}},"926":{"start":{"line":927,"column":0},"end":{"line":927,"column":18}},"927":{"start":{"line":928,"column":0},"end":{"line":928,"column":6}},"928":{"start":{"line":929,"column":0},"end":{"line":929,"column":1}},"929":{"start":{"line":930,"column":0},"end":{"line":930,"column":0}},"930":{"start":{"line":931,"column":0},"end":{"line":931,"column":3}},"931":{"start":{"line":932,"column":0},"end":{"line":932,"column":46}},"932":{"start":{"line":933,"column":0},"end":{"line":933,"column":50}},"933":{"start":{"line":934,"column":0},"end":{"line":934,"column":61}},"934":{"start":{"line":935,"column":0},"end":{"line":935,"column":44}},"935":{"start":{"line":936,"column":0},"end":{"line":936,"column":2}},"936":{"start":{"line":937,"column":0},"end":{"line":937,"column":17}},"937":{"start":{"line":938,"column":0},"end":{"line":938,"column":2}},"938":{"start":{"line":939,"column":0},"end":{"line":939,"column":58}},"939":{"start":{"line":940,"column":0},"end":{"line":940,"column":70}},"940":{"start":{"line":941,"column":0},"end":{"line":941,"column":66}},"941":{"start":{"line":942,"column":0},"end":{"line":942,"column":3}},"942":{"start":{"line":943,"column":0},"end":{"line":943,"column":53}},"943":{"start":{"line":944,"column":0},"end":{"line":944,"column":9}},"944":{"start":{"line":945,"column":0},"end":{"line":945,"column":68}},"945":{"start":{"line":946,"column":0},"end":{"line":946,"column":47}},"946":{"start":{"line":947,"column":0},"end":{"line":947,"column":0}},"947":{"start":{"line":948,"column":0},"end":{"line":948,"column":36}},"948":{"start":{"line":949,"column":0},"end":{"line":949,"column":34}},"949":{"start":{"line":950,"column":0},"end":{"line":950,"column":51}},"950":{"start":{"line":951,"column":0},"end":{"line":951,"column":9}},"951":{"start":{"line":952,"column":0},"end":{"line":952,"column":0}},"952":{"start":{"line":953,"column":0},"end":{"line":953,"column":60}},"953":{"start":{"line":954,"column":0},"end":{"line":954,"column":65}},"954":{"start":{"line":955,"column":0},"end":{"line":955,"column":56}},"955":{"start":{"line":956,"column":0},"end":{"line":956,"column":0}},"956":{"start":{"line":957,"column":0},"end":{"line":957,"column":33}},"957":{"start":{"line":958,"column":0},"end":{"line":958,"column":73}},"958":{"start":{"line":959,"column":0},"end":{"line":959,"column":55}},"959":{"start":{"line":960,"column":0},"end":{"line":960,"column":107}},"960":{"start":{"line":961,"column":0},"end":{"line":961,"column":9}},"961":{"start":{"line":962,"column":0},"end":{"line":962,"column":0}},"962":{"start":{"line":963,"column":0},"end":{"line":963,"column":66}},"963":{"start":{"line":964,"column":0},"end":{"line":964,"column":17}},"964":{"start":{"line":965,"column":0},"end":{"line":965,"column":68}},"965":{"start":{"line":966,"column":0},"end":{"line":966,"column":72}},"966":{"start":{"line":967,"column":0},"end":{"line":967,"column":5}},"967":{"start":{"line":968,"column":0},"end":{"line":968,"column":1}},"968":{"start":{"line":969,"column":0},"end":{"line":969,"column":0}},"969":{"start":{"line":970,"column":0},"end":{"line":970,"column":3}},"970":{"start":{"line":971,"column":0},"end":{"line":971,"column":85}},"971":{"start":{"line":972,"column":0},"end":{"line":972,"column":25}},"972":{"start":{"line":973,"column":0},"end":{"line":973,"column":2}},"973":{"start":{"line":974,"column":0},"end":{"line":974,"column":17}},"974":{"start":{"line":975,"column":0},"end":{"line":975,"column":2}},"975":{"start":{"line":976,"column":0},"end":{"line":976,"column":40}},"976":{"start":{"line":977,"column":0},"end":{"line":977,"column":85}},"977":{"start":{"line":978,"column":0},"end":{"line":978,"column":74}},"978":{"start":{"line":979,"column":0},"end":{"line":979,"column":81}},"979":{"start":{"line":980,"column":0},"end":{"line":980,"column":3}},"980":{"start":{"line":981,"column":0},"end":{"line":981,"column":65}},"981":{"start":{"line":982,"column":0},"end":{"line":982,"column":27}},"982":{"start":{"line":983,"column":0},"end":{"line":983,"column":23}},"983":{"start":{"line":984,"column":0},"end":{"line":984,"column":75}},"984":{"start":{"line":985,"column":0},"end":{"line":985,"column":27}},"985":{"start":{"line":986,"column":0},"end":{"line":986,"column":105}},"986":{"start":{"line":987,"column":0},"end":{"line":987,"column":25}},"987":{"start":{"line":988,"column":0},"end":{"line":988,"column":54}},"988":{"start":{"line":989,"column":0},"end":{"line":989,"column":112}},"989":{"start":{"line":990,"column":0},"end":{"line":990,"column":16}},"990":{"start":{"line":991,"column":0},"end":{"line":991,"column":22}},"991":{"start":{"line":992,"column":0},"end":{"line":992,"column":5}},"992":{"start":{"line":993,"column":0},"end":{"line":993,"column":1}},"993":{"start":{"line":994,"column":0},"end":{"line":994,"column":0}},"994":{"start":{"line":995,"column":0},"end":{"line":995,"column":3}},"995":{"start":{"line":996,"column":0},"end":{"line":996,"column":44}},"996":{"start":{"line":997,"column":0},"end":{"line":997,"column":65}},"997":{"start":{"line":998,"column":0},"end":{"line":998,"column":56}},"998":{"start":{"line":999,"column":0},"end":{"line":999,"column":35}},"999":{"start":{"line":1000,"column":0},"end":{"line":1000,"column":2}},"1000":{"start":{"line":1001,"column":0},"end":{"line":1001,"column":17}},"1001":{"start":{"line":1002,"column":0},"end":{"line":1002,"column":2}},"1002":{"start":{"line":1003,"column":0},"end":{"line":1003,"column":55}},"1003":{"start":{"line":1004,"column":0},"end":{"line":1004,"column":54}},"1004":{"start":{"line":1005,"column":0},"end":{"line":1005,"column":50}},"1005":{"start":{"line":1006,"column":0},"end":{"line":1006,"column":3}},"1006":{"start":{"line":1007,"column":0},"end":{"line":1007,"column":55}},"1007":{"start":{"line":1008,"column":0},"end":{"line":1008,"column":55}},"1008":{"start":{"line":1009,"column":0},"end":{"line":1009,"column":90}},"1009":{"start":{"line":1010,"column":0},"end":{"line":1010,"column":5}},"1010":{"start":{"line":1011,"column":0},"end":{"line":1011,"column":0}},"1011":{"start":{"line":1012,"column":0},"end":{"line":1012,"column":49}},"1012":{"start":{"line":1013,"column":0},"end":{"line":1013,"column":71}},"1013":{"start":{"line":1014,"column":0},"end":{"line":1014,"column":0}},"1014":{"start":{"line":1015,"column":0},"end":{"line":1015,"column":12}},"1015":{"start":{"line":1016,"column":0},"end":{"line":1016,"column":49}},"1016":{"start":{"line":1017,"column":0},"end":{"line":1017,"column":51}},"1017":{"start":{"line":1018,"column":0},"end":{"line":1018,"column":6}},"1018":{"start":{"line":1019,"column":0},"end":{"line":1019,"column":1}},"1019":{"start":{"line":1020,"column":0},"end":{"line":1020,"column":0}},"1020":{"start":{"line":1021,"column":0},"end":{"line":1021,"column":76}},"1021":{"start":{"line":1022,"column":0},"end":{"line":1022,"column":36}},"1022":{"start":{"line":1023,"column":0},"end":{"line":1023,"column":76}},"1023":{"start":{"line":1024,"column":0},"end":{"line":1024,"column":0}},"1024":{"start":{"line":1025,"column":0},"end":{"line":1025,"column":3}},"1025":{"start":{"line":1026,"column":0},"end":{"line":1026,"column":34}},"1026":{"start":{"line":1027,"column":0},"end":{"line":1027,"column":80}},"1027":{"start":{"line":1028,"column":0},"end":{"line":1028,"column":70}},"1028":{"start":{"line":1029,"column":0},"end":{"line":1029,"column":44}},"1029":{"start":{"line":1030,"column":0},"end":{"line":1030,"column":3}},"1030":{"start":{"line":1031,"column":0},"end":{"line":1031,"column":46}},"1031":{"start":{"line":1032,"column":0},"end":{"line":1032,"column":50}},"1032":{"start":{"line":1033,"column":0},"end":{"line":1033,"column":0}},"1033":{"start":{"line":1034,"column":0},"end":{"line":1034,"column":36}},"1034":{"start":{"line":1035,"column":0},"end":{"line":1035,"column":25}},"1035":{"start":{"line":1036,"column":0},"end":{"line":1036,"column":5}},"1036":{"start":{"line":1037,"column":0},"end":{"line":1037,"column":0}},"1037":{"start":{"line":1038,"column":0},"end":{"line":1038,"column":9}},"1038":{"start":{"line":1039,"column":0},"end":{"line":1039,"column":69}},"1039":{"start":{"line":1040,"column":0},"end":{"line":1040,"column":47}},"1040":{"start":{"line":1041,"column":0},"end":{"line":1041,"column":17}},"1041":{"start":{"line":1042,"column":0},"end":{"line":1042,"column":25}},"1042":{"start":{"line":1043,"column":0},"end":{"line":1043,"column":5}},"1043":{"start":{"line":1044,"column":0},"end":{"line":1044,"column":1}},"1044":{"start":{"line":1045,"column":0},"end":{"line":1045,"column":0}},"1045":{"start":{"line":1046,"column":0},"end":{"line":1046,"column":3}},"1046":{"start":{"line":1047,"column":0},"end":{"line":1047,"column":50}},"1047":{"start":{"line":1048,"column":0},"end":{"line":1048,"column":43}},"1048":{"start":{"line":1049,"column":0},"end":{"line":1049,"column":43}},"1049":{"start":{"line":1050,"column":0},"end":{"line":1050,"column":44}},"1050":{"start":{"line":1051,"column":0},"end":{"line":1051,"column":3}},"1051":{"start":{"line":1052,"column":0},"end":{"line":1052,"column":36}},"1052":{"start":{"line":1053,"column":0},"end":{"line":1053,"column":53}},"1053":{"start":{"line":1054,"column":0},"end":{"line":1054,"column":80}},"1054":{"start":{"line":1055,"column":0},"end":{"line":1055,"column":12}},"1055":{"start":{"line":1056,"column":0},"end":{"line":1056,"column":1}},"1056":{"start":{"line":1057,"column":0},"end":{"line":1057,"column":0}},"1057":{"start":{"line":1058,"column":0},"end":{"line":1058,"column":3}},"1058":{"start":{"line":1059,"column":0},"end":{"line":1059,"column":28}},"1059":{"start":{"line":1060,"column":0},"end":{"line":1060,"column":70}},"1060":{"start":{"line":1061,"column":0},"end":{"line":1061,"column":46}},"1061":{"start":{"line":1062,"column":0},"end":{"line":1062,"column":3}},"1062":{"start":{"line":1063,"column":0},"end":{"line":1063,"column":31}},"1063":{"start":{"line":1064,"column":0},"end":{"line":1064,"column":50}},"1064":{"start":{"line":1065,"column":0},"end":{"line":1065,"column":0}},"1065":{"start":{"line":1066,"column":0},"end":{"line":1066,"column":36}},"1066":{"start":{"line":1067,"column":0},"end":{"line":1067,"column":20}},"1067":{"start":{"line":1068,"column":0},"end":{"line":1068,"column":5}},"1068":{"start":{"line":1069,"column":0},"end":{"line":1069,"column":0}},"1069":{"start":{"line":1070,"column":0},"end":{"line":1070,"column":9}},"1070":{"start":{"line":1071,"column":0},"end":{"line":1071,"column":62}},"1071":{"start":{"line":1072,"column":0},"end":{"line":1072,"column":17}},"1072":{"start":{"line":1073,"column":0},"end":{"line":1073,"column":20}},"1073":{"start":{"line":1074,"column":0},"end":{"line":1074,"column":5}},"1074":{"start":{"line":1075,"column":0},"end":{"line":1075,"column":1}},"1075":{"start":{"line":1076,"column":0},"end":{"line":1076,"column":0}},"1076":{"start":{"line":1077,"column":0},"end":{"line":1077,"column":3}},"1077":{"start":{"line":1078,"column":0},"end":{"line":1078,"column":70}},"1078":{"start":{"line":1079,"column":0},"end":{"line":1079,"column":2}},"1079":{"start":{"line":1080,"column":0},"end":{"line":1080,"column":82}},"1080":{"start":{"line":1081,"column":0},"end":{"line":1081,"column":73}},"1081":{"start":{"line":1082,"column":0},"end":{"line":1082,"column":41}},"1082":{"start":{"line":1083,"column":0},"end":{"line":1083,"column":69}},"1083":{"start":{"line":1084,"column":0},"end":{"line":1084,"column":2}},"1084":{"start":{"line":1085,"column":0},"end":{"line":1085,"column":48}},"1085":{"start":{"line":1086,"column":0},"end":{"line":1086,"column":70}},"1086":{"start":{"line":1087,"column":0},"end":{"line":1087,"column":29}},"1087":{"start":{"line":1088,"column":0},"end":{"line":1088,"column":3}},"1088":{"start":{"line":1089,"column":0},"end":{"line":1089,"column":39}},"1089":{"start":{"line":1090,"column":0},"end":{"line":1090,"column":50}},"1090":{"start":{"line":1091,"column":0},"end":{"line":1091,"column":0}},"1091":{"start":{"line":1092,"column":0},"end":{"line":1092,"column":65}},"1092":{"start":{"line":1093,"column":0},"end":{"line":1093,"column":40}},"1093":{"start":{"line":1094,"column":0},"end":{"line":1094,"column":30}},"1094":{"start":{"line":1095,"column":0},"end":{"line":1095,"column":47}},"1095":{"start":{"line":1096,"column":0},"end":{"line":1096,"column":5}},"1096":{"start":{"line":1097,"column":0},"end":{"line":1097,"column":0}},"1097":{"start":{"line":1098,"column":0},"end":{"line":1098,"column":9}},"1098":{"start":{"line":1099,"column":0},"end":{"line":1099,"column":70}},"1099":{"start":{"line":1100,"column":0},"end":{"line":1100,"column":31}},"1100":{"start":{"line":1101,"column":0},"end":{"line":1101,"column":13}},"1101":{"start":{"line":1102,"column":0},"end":{"line":1102,"column":43}},"1102":{"start":{"line":1103,"column":0},"end":{"line":1103,"column":71}},"1103":{"start":{"line":1104,"column":0},"end":{"line":1104,"column":58}},"1104":{"start":{"line":1105,"column":0},"end":{"line":1105,"column":97}},"1105":{"start":{"line":1106,"column":0},"end":{"line":1106,"column":61}},"1106":{"start":{"line":1107,"column":0},"end":{"line":1107,"column":17}},"1107":{"start":{"line":1108,"column":0},"end":{"line":1108,"column":13}},"1108":{"start":{"line":1109,"column":0},"end":{"line":1109,"column":21}},"1109":{"start":{"line":1110,"column":0},"end":{"line":1110,"column":70}},"1110":{"start":{"line":1111,"column":0},"end":{"line":1111,"column":31}},"1111":{"start":{"line":1112,"column":0},"end":{"line":1112,"column":9}},"1112":{"start":{"line":1113,"column":0},"end":{"line":1113,"column":0}},"1113":{"start":{"line":1114,"column":0},"end":{"line":1114,"column":70}},"1114":{"start":{"line":1115,"column":0},"end":{"line":1115,"column":51}},"1115":{"start":{"line":1116,"column":0},"end":{"line":1116,"column":53}},"1116":{"start":{"line":1117,"column":0},"end":{"line":1117,"column":0}},"1117":{"start":{"line":1118,"column":0},"end":{"line":1118,"column":72}},"1118":{"start":{"line":1119,"column":0},"end":{"line":1119,"column":20}},"1119":{"start":{"line":1120,"column":0},"end":{"line":1120,"column":17}},"1120":{"start":{"line":1121,"column":0},"end":{"line":1121,"column":21}},"1121":{"start":{"line":1122,"column":0},"end":{"line":1122,"column":5}},"1122":{"start":{"line":1123,"column":0},"end":{"line":1123,"column":1}},"1123":{"start":{"line":1124,"column":0},"end":{"line":1124,"column":0}},"1124":{"start":{"line":1125,"column":0},"end":{"line":1125,"column":3}},"1125":{"start":{"line":1126,"column":0},"end":{"line":1126,"column":40}},"1126":{"start":{"line":1127,"column":0},"end":{"line":1127,"column":49}},"1127":{"start":{"line":1128,"column":0},"end":{"line":1128,"column":70}},"1128":{"start":{"line":112
[...]
3065,"column":9}},"locations":[{"start":{"line":3063,"column":36},"end":{"line":3065,"column":9}}]},"54":{"type":"branch","line":3075,"loc":{"start":{"line":3075,"column":-1},"end":{"line":3084,"column":5}},"locations":[{"start":{"line":3075,"column":-1},"end":{"line":3084,"column":5}}]},"55":{"type":"branch","line":3085,"loc":{"start":{"line":3085,"column":-1},"end":{"line":3106,"column":0}},"locations":[{"start":{"line":3085,"column":-1},"end":{"line":3106,"column":0}}]},"56":{"type":"branch","line":3054,"loc":{"start":{"line":3054,"column":33},"end":{"line":3054,"column":61}},"locations":[{"start":{"line":3054,"column":33},"end":{"line":3054,"column":61}}]}},"b":{"0":[1],"1":[0],"2":[2],"3":[0],"4":[1],"5":[0],"6":[1],"7":[0],"8":[11],"9":[10],"10":[2],"11":[9],"12":[4],"13":[2],"14":[6],"15":[7],"16":[13],"17":[5],"18":[7],"19":[2],"20":[1],"21":[0],"22":[0],"23":[5],"24":[0],"25":[0],"26":[6],"27":[0],"28":[0],"29":[1],"30":[0],"31":[0],"32":[0],"33":[0],"34":[0],"35":[1],"36":[5],"37":[4],"38":[1],"39":[5],"40":[1],"41":[4],"42":[4],"43":[2],"44":[5],"45":[1],"46":[0],"47":[1],"48":[0],"49":[1],"50":[0],"51":[2],"52":[1],"53":[2],"54":[0],"55":[1],"56":[5]},"fnMap":{"0":{"name":"stateFileExistsOnDisk","decl":{"start":{"line":86,"column":0},"end":{"line":89,"column":1}},"loc":{"start":{"line":86,"column":0},"end":{"line":89,"column":1}},"line":86},"1":{"name":"getProjectRoot","decl":{"start":{"line":95,"column":0},"end":{"line":130,"column":1}},"loc":{"start":{"line":95,"column":0},"end":{"line":130,"column":1}},"line":95},"2":{"name":"_loadConfigWithCache","decl":{"start":{"line":140,"column":0},"end":{"line":164,"column":1}},"loc":{"start":{"line":140,"column":0},"end":{"line":164,"column":1}},"line":140},"3":{"name":"_resetCaches","decl":{"start":{"line":170,"column":0},"end":{"line":174,"column":1}},"loc":{"start":{"line":170,"column":0},"end":{"line":174,"column":1}},"line":170},"4":{"name":"_getCacheStats","decl":{"start":{"line":181,"column":0},"end":{"line":186,"column":1}},"loc":{"start":{"line":181,"column":0},"end":{"line":186,"column":1}},"line":181},"5":{"name":"isMonorepoMode","decl":{"start":{"line":197,"column":0},"end":{"line":200,"column":1}},"loc":{"start":{"line":197,"column":0},"end":{"line":200,"column":1}},"line":197},"6":{"name":"readMonorepoConfig","decl":{"start":{"line":206,"column":0},"end":{"line":219,"column":1}},"loc":{"start":{"line":206,"column":0},"end":{"line":219,"column":1}},"line":206},"7":{"name":"writeMonorepoConfig","decl":{"start":{"line":226,"column":0},"end":{"line":236,"column":1}},"loc":{"start":{"line":226,"column":0},"end":{"line":236,"column":1}},"line":226},"8":{"name":"resolveProjectFromCwd","decl":{"start":{"line":243,"column":0},"end":{"line":285,"column":1}},"loc":{"start":{"line":243,"column":0},"end":{"line":285,"column":1}},"line":243},"9":{"name":"getActiveProject","decl":{"start":{"line":295,"column":0},"end":{"line":318,"column":1}},"loc":{"start":{"line":295,"column":0},"end":{"line":318,"column":1}},"line":295},"10":{"name":"resolveStatePath","decl":{"start":{"line":327,"column":0},"end":{"line":339,"column":1}},"loc":{"start":{"line":327,"column":0},"end":{"line":339,"column":1}},"line":327},"11":{"name":"resolveConstitutionPath","decl":{"start":{"line":352,"column":0},"end":{"line":387,"column":1}},"loc":{"start":{"line":352,"column":0},"end":{"line":387,"column":1}},"line":352},"12":{"name":"resolveDocsPath","decl":{"start":{"line":397,"column":0},"end":{"line":415,"column":1}},"loc":{"start":{"line":397,"column":0},"end":{"line":415,"column":1}},"line":397},"13":{"name":"resolveExternalSkillsPath","decl":{"start":{"line":424,"column":0},"end":{"line":435,"column":1}},"loc":{"start":{"line":424,"column":0},"end":{"line":435,"column":1}},"line":424},"14":{"name":"resolveExternalManifestPath","decl":{"start":{"line":446,"column":0},"end":{"line":479,"column":1}},"loc":{"start":{"line":446,"column":0},"end":{"line":479,"column":1}},"line":446},"15":{"name":"resolveSkillReportPath","decl":{"start":{"line":490,"column":0},"end":{"line":523,"column":1}},"loc":{"start":{"line":490,"column":0},"end":{"line":523,"column":1}},"line":490},"16":{"name":"resolveTasksPath","decl":{"start":{"line":534,"column":0},"end":{"line":563,"column":1}},"loc":{"start":{"line":534,"column":0},"end":{"line":563,"column":1}},"line":534},"17":{"name":"resolveTestEvaluationPath","decl":{"start":{"line":574,"column":0},"end":{"line":603,"column":1}},"loc":{"start":{"line":574,"column":0},"end":{"line":603,"column":1}},"line":574},"18":{"name":"resolveAtddChecklistPath","decl":{"start":{"line":615,"column":0},"end":{"line":645,"column":1}},"loc":{"start":{"line":615,"column":0},"end":{"line":645,"column":1}},"line":615},"19":{"name":"resolveIsdlcDocsPath","decl":{"start":{"line":654,"column":0},"end":{"line":665,"column":1}},"loc":{"start":{"line":654,"column":0},"end":{"line":665,"column":1}},"line":654},"20":{"name":"isMigrationNeeded","decl":{"start":{"line":672,"column":0},"end":{"line":678,"column":1}},"loc":{"start":{"line":672,"column":0},"end":{"line":678,"column":1}},"line":672},"21":{"name":"loadExternalManifest","decl":{"start":{"line":685,"column":0},"end":{"line":697,"column":1}},"loc":{"start":{"line":685,"column":0},"end":{"line":697,"column":1}},"line":685},"22":{"name":"validateSkillFrontmatter","decl":{"start":{"line":769,"column":0},"end":{"line":838,"column":1}},"loc":{"start":{"line":769,"column":0},"end":{"line":838,"column":1}},"line":769},"23":{"name":"analyzeSkillContent","decl":{"start":{"line":849,"column":0},"end":{"line":881,"column":1}},"loc":{"start":{"line":849,"column":0},"end":{"line":881,"column":1}},"line":849},"24":{"name":"suggestBindings","decl":{"start":{"line":893,"column":0},"end":{"line":929,"column":1}},"loc":{"start":{"line":893,"column":0},"end":{"line":929,"column":1}},"line":893},"25":{"name":"writeExternalManifest","decl":{"start":{"line":943,"column":0},"end":{"line":968,"column":1}},"loc":{"start":{"line":943,"column":0},"end":{"line":968,"column":1}},"line":943},"26":{"name":"formatSkillInjectionBlock","decl":{"start":{"line":981,"column":0},"end":{"line":993,"column":1}},"loc":{"start":{"line":981,"column":0},"end":{"line":993,"column":1}},"line":981},"27":{"name":"removeSkillFromManifest","decl":{"start":{"line":1007,"column":0},"end":{"line":1019,"column":1}},"loc":{"start":{"line":1007,"column":0},"end":{"line":1019,"column":1}},"line":1007},"28":{"name":"readStateValue","decl":{"start":{"line":1031,"column":0},"end":{"line":1044,"column":1}},"loc":{"start":{"line":1031,"column":0},"end":{"line":1044,"column":1}},"line":1031},"29":{"name":"getNestedValue","decl":{"start":{"line":1052,"column":0},"end":{"line":1056,"column":1}},"loc":{"start":{"line":1052,"column":0},"end":{"line":1056,"column":1}},"line":1052},"30":{"name":"readState","decl":{"start":{"line":1063,"column":0},"end":{"line":1075,"column":1}},"loc":{"start":{"line":1063,"column":0},"end":{"line":1075,"column":1}},"line":1063},"31":{"name":"writeState","decl":{"start":{"line":1089,"column":0},"end":{"line":1123,"column":1}},"loc":{"start":{"line":1089,"column":0},"end":{"line":1123,"column":1}},"line":1089},"32":{"name":"appendSkillLog","decl":{"start":{"line":1131,"column":0},"end":{"line":1143,"column":1}},"loc":{"start":{"line":1131,"column":0},"end":{"line":1143,"column":1}},"line":1131},"33":{"name":"getTimestamp","decl":{"start":{"line":1149,"column":0},"end":{"line":1151,"column":1}},"loc":{"start":{"line":1149,"column":0},"end":{"line":1151,"column":1}},"line":1149},"34":{"name":"getManifestPath","decl":{"start":{"line":1157,"column":0},"end":{"line":1173,"column":1}},"loc":{"start":{"line":1157,"column":0},"end":{"line":1173,"column":1}},"line":1157},"35":{"name":"loadManifest","decl":{"start":{"line":1179,"column":0},"end":{"line":1185,"column":1}},"loc":{"start":{"line":1179,"column":0},"end":{"line":1185,"column":1}},"line":1179},"36":{"name":"getSkillOwner","decl":{"start":{"line":1192,"column":0},"end":{"line":1198,"column":1}},"loc":{"start":{"line":1192,"column":0},"end":{"line":1198,"column":1}},"line":1192},"37":{"name":"_extractSkillDescription","decl":{"start":{"line":1212,"column":0},"end":{"line":1237,"column":1}},"loc":{"start":{"line":1212,"column":0},"end":{"line":1237,"column":1}},"line":1212},"38":{"name":"getAgentSkillIndex","decl":{"start":{"line":1251,"column":0},"end":{"line":1310,"column":1}},"loc":{"start":{"line":1251,"column":0},"end":{"line":1310,"column":1}},"line":1251},"39":{"name":"formatSkillIndexBlock","decl":{"start":{"line":1327,"column":0},"end":{"line":1341,"column":1}},"loc":{"start":{"line":1327,"column":0},"end":{"line":1341,"column":1}},"line":1327},"40":{"name":"getAgentPhase","decl":{"start":{"line":1348,"column":0},"end":{"line":1354,"column":1}},"loc":{"start":{"line":1348,"column":0},"end":{"line":1354,"column":1}},"line":1348},"41":{"name":"normalizeAgentName","decl":{"start":{"line":1361,"column":0},"end":{"line":1428,"column":1}},"loc":{"start":{"line":1361,"column":0},"end":{"line":1428,"column":1}},"line":1361},"42":{"name":"isAgentAuthorizedForPhase","decl":{"start":{"line":1436,"column":0},"end":{"line":1456,"column":1}},"loc":{"start":{"line":1436,"column":0},"end":{"line":1456,"column":1}},"line":1436},"43":{"name":"readStdin","decl":{"start":{"line":1462,"column":0},"end":{"line":1480,"column":1}},"loc":{"start":{"line":1462,"column":0},"end":{"line":1480,"column":1}},"line":1462},"44":{"name":"outputBlockResponse","decl":{"start":{"line":1486,"column":0},"end":{"line":1491,"column":1}},"loc":{"start":{"line":1486,"column":0},"end":{"line":1491,"column":1}},"line":1486},"45":{"name":"writePendingEscalation","decl":{"start":{"line":1506,"column":0},"end":{"line":1535,"column":1}},"loc":{"start":{"line":1506,"column":0},"end":{"line":1535,"column":1}},"line":1506},"46":{"name":"readPendingEscalations","decl":{"start":{"line":1541,"column":0},"end":{"line":1547,"column":1}},"loc":{"start":{"line":1541,"column":0},"end":{"line":1547,"column":1}},"line":1541},"47":{"name":"clearPendingEscalations","decl":{"start":{"line":1552,"column":0},"end":{"line":1557,"column":1}},"loc":{"start":{"line":1552,"column":0},"end":{"line":1557,"column":1}},"line":1552},"48":{"name":"readPendingDelegation","decl":{"start":{"line":1567,"column":0},"end":{"line":1571,"column":1}},"loc":{"start":{"line":1567,"column":0},"end":{"line":1571,"column":1}},"line":1567},"49":{"name":"writePendingDelegation","decl":{"start":{"line":1577,"column":0},"end":{"line":1582,"column":1}},"loc":{"start":{"line":1577,"column":0},"end":{"line":1582,"column":1}},"line":1577},"50":{"name":"clearPendingDelegation","decl":{"start":{"line":1587,"column":0},"end":{"line":1592,"column":1}},"loc":{"start":{"line":1587,"column":0},"end":{"line":1592,"column":1}},"line":1587},"51":{"name":"readCodeReviewConfig","decl":{"start":{"line":1600,"column":0},"end":{"line":1615,"column":1}},"loc":{"start":{"line":1600,"column":0},"end":{"line":1615,"column":1}},"line":1600},"52":{"name":"isSetupCommand","decl":{"start":{"line":1656,"column":0},"end":{"line":1660,"column":1}},"loc":{"start":{"line":1656,"column":0},"end":{"line":1660,"column":1}},"line":1656},"53":{"name":"detectPhaseDelegation","decl":{"start":{"line":1723,"column":0},"end":{"line":1780,"column":1}},"loc":{"start":{"line":1723,"column":0},"end":{"line":1780,"column":1}},"line":1723},"54":{"name":"loadSchema","decl":{"start":{"line":1800,"column":0},"end":{"line":1827,"column":1}},"loc":{"start":{"line":1800,"column":0},"end":{"line":1827,"column":1}},"line":1800},"55":{"name":"validateSchema","decl":{"start":{"line":1840,"column":0},"end":{"line":1860,"column":1}},"loc":{"start":{"line":1840,"column":0},"end":{"line":1860,"column":1}},"line":1840},"56":{"name":"_validateObject","decl":{"start":{"line":1869,"column":0},"end":{"line":1922,"column":1}},"loc":{"start":{"line":1869,"column":0},"end":{"line":1922,"column":1}},"line":1869},"57":{"name":"_getJsonType","decl":{"start":{"line":1929,"column":0},"end":{"line":1933,"column":1}},"loc":{"start":{"line":1929,"column":0},"end":{"line":1933,"column":1}},"line":1929},"58":{"name":"debugLog","decl":{"start":{"line":1939,"column":0},"end":{"line":1943,"column":1}},"loc":{"start":{"line":1939,"column":0},"end":{"line":1943,"column":1}},"line":1939},"59":{"name":"getHookLogPath","decl":{"start":{"line":1956,"column":0},"end":{"line":1959,"column":1}},"loc":{"start":{"line":1956,"column":0},"end":{"line":1959,"column":1}},"line":1956},"60":{"name":"logHookEvent","decl":{"start":{"line":1970,"column":0},"end":{"line":2004,"column":1}},"loc":{"start":{"line":1970,"column":0},"end":{"line":2004,"column":1}},"line":1970},"61":{"name":"rotateHookLog","decl":{"start":{"line":2010,"column":0},"end":{"line":2019,"column":1}},"loc":{"start":{"line":2010,"column":0},"end":{"line":2019,"column":1}},"line":2010},"62":{"name":"normalizePhaseKey","decl":{"start":{"line":2075,"column":0},"end":{"line":2078,"column":1}},"loc":{"start":{"line":2075,"column":0},"end":{"line":2078,"column":1}},"line":2075},"63":{"name":"diagnoseBlockCause","decl":{"start":{"line":2100,"column":0},"end":{"line":2142,"column":1}},"loc":{"start":{"line":2100,"column":0},"end":{"line":2142,"column":1}},"line":2100},"64":{"name":"outputSelfHealNotification","decl":{"start":{"line":2152,"column":0},"end":{"line":2156,"column":1}},"loc":{"start":{"line":2152,"column":0},"end":{"line":2156,"column":1}},"line":2152},"65":{"name":"_computeDuration","decl":{"start":{"line":2165,"column":0},"end":{"line":2170,"column":1}},"loc":{"start":{"line":2165,"column":0},"end":{"line":2170,"column":1}},"line":2165},"66":{"name":"_extractSummary","decl":{"start":{"line":2180,"column":0},"end":{"line":2212,"column":1}},"loc":{"start":{"line":2180,"column":0},"end":{"line":2212,"column":1}},"line":2180},"67":{"name":"_extractTestIterations","decl":{"start":{"line":2220,"column":0},"end":{"line":2235,"column":1}},"loc":{"start":{"line":2220,"column":0},"end":{"line":2235,"column":1}},"line":2220},"68":{"name":"_computeMetrics","decl":{"start":{"line":2243,"column":0},"end":{"line":2282,"column":1}},"loc":{"start":{"line":2243,"column":0},"end":{"line":2282,"column":1}},"line":2243},"69":{"name":"collectPhaseSnapshots","decl":{"start":{"line":2291,"column":0},"end":{"line":2352,"column":1}},"loc":{"start":{"line":2291,"column":0},"end":{"line":2352,"column":1}},"line":2291},"70":{"name":"pruneSkillUsageLog","decl":{"start":{"line":2364,"column":0},"end":{"line":2370,"column":1}},"loc":{"start":{"line":2364,"column":0},"end":{"line":2370,"column":1}},"line":2364},"71":{"name":"pruneCompletedPhases","decl":{"start":{"line":2385,"column":0},"end":{"line":2409,"column":1}},"loc":{"start":{"line":2385,"column":0},"end":{"line":2409,"column":1}},"line":2385},"72":{"name":"pruneHistory","decl":{"start":{"line":2418,"column":0},"end":{"line":2433,"column":1}},"loc":{"start":{"line":2418,"column":0},"end":{"line":2433,"column":1}},"line":2418},"73":{"name":"pruneWorkflowHistory","decl":{"start":{"line":2442,"column":0},"end":{"line":2462,"column":1}},"loc":{"start":{"line":2442,"column":0},"end":{"line":2462,"column":1}},"line":2442},"74":{"name":"resetPhasesForWorkflow","decl":{"start":{"line":2471,"column":0},"end":{"line":2483,"column":1}},"loc":{"start":{"line":2471,"column":0},"end":{"line":2483,"column":1}},"line":2471},"75":{"name":"addPendingEscalation","decl":{"start":{"line":2498,"column":0},"end":{"line":2526,"column":1}},"loc":{"start":{"line":2498,"column":0},"end":{"line":2526,"column":1}},"line":2498},"76":{"name":"addSkillLogEntry","decl":{"start":{"line":2536,"column":0},"end":{"line":2543,"column":1}},"loc":{"start":{"line":2536,"column":0},"end":{"line":2543,"column":1}},"line":2536},"77":{"name":"loadIterationRequirements","decl":{"start":{"line":2554,"column":0},"end":{"line":2569,"column":1}},"loc":{"start":{"line":2554,"column":0},"end":{"line":2569,"column":1}},"line":2554},"78":{"name":"loadWorkflowDefinitions","decl":{"start":{"line":2579,"column":0},"end":{"line":2594,"column":1}},"loc":{"start":{"line":2579,"column":0},"end":{"line":2594,"column":1}},"line":2579},"79":{"name":"checkPhaseTimeout","decl":{"start":{"line":2603,"column":0},"end":{"line":2657,"column":1}},"loc":{"start":{"line":2603,"column":0},"end":{"line":2657,"column":1}},"line":2603},"80":{"name":"_safeNonNegInt","decl":{"start":{"line":2670,"column":0},"end":{"line":2674,"column":1}},"loc":{"start":{"line":2670,"column":0},"end":{"line":2674,"column":1}},"line":2670},"81":{"name":"_validateAndNormalizeSizingMetrics","decl":{"start":{"line":2685,"column":0},"end":{"line":2699,"column":1}},"loc":{"start":{"line":2685,"column":0},"end":{"line":2699,"column":1}},"line":2685},"82":{"name":"parseSizingFromImpactAnalysis","decl":{"start":{"line":2713,"column":0},"end":{"line":2756,"column":1}},"loc":{"start":{"line":2713,"column":0},"end":{"line":2756,"column":1}},"line":2713},"83":{"name":"computeSizingRecommendation","decl":{"start":{"line":2774,"column":0},"end":{"line":2818,"column":1}},"loc":{"start":{"line":2774,"column":0},"end":{"line":2818,"column":1}},"line":2774},"84":{"name":"normalizeRiskLevel","decl":{"start":{"line":2828,"column":0},"end":{"line":2837,"column":1}},"loc":{"start":{"line":2828,"column":0},"end":{"line":2837,"column":1}},"line":2828},"85":{"name":"extractFallbackSizingMetrics","decl":{"start":{"line":2854,"column":0},"end":{"line":2919,"column":1}},"loc":{"start":{"line":2854,"column":0},"end":{"line":2919,"column":1}},"line":2854},"86":{"name":"_checkSizingInvariants","decl":{"start":{"line":2928,"column":0},"end":{"line":2956,"column":1}},"loc":{"start":{"line":2928,"column":0},"end":{"line":2956,"column":1}},"line":2928},"87":{"name":"applySizingDecision","decl":{"start":{"line":2981,"column":0},"end":{"line":3106,"column":1}},"loc":{"start":{"line":2981,"column":0},"end":{"line":3106,"column":1}},"line":2981},"88":{"name":"_resolvePhaseDisplayName","decl":{"start":{"line":3118,"column":0},"end":{"line":3148,"column":1}},"loc":{"start":{"line":3118,"column":0},"end":{"line":3148,"column":1}},"line":3118},"89":{"name":"_extractDecisions","decl":{"start":{"line":3157,"column":0},"end":{"line":3165,"column":1}},"loc":{"start":{"line":3157,"column":0},"end":{"line":3165,"column":1}},"line":3157},"90":{"name":"_getGitDiffNameStatus","decl":{"start":{"line":3174,"column":0},"end":{"line":3188,"column":1}},"loc":{"start":{"line":3174,"column":0},"end":{"line":3188,"column":1}},"line":3174},"91":{"name":"readSupervisedModeConfig","decl":{"start":{"line":3203,"column":0},"end":{"line":3246,"column":1}},"loc":{"start":{"line":3203,"column":0},"end":{"line":3246,"column":1}},"line":3203},"92":{"name":"shouldReviewPhase","decl":{"start":{"line":3257,"column":0},"end":{"line":3282,"column":1}},"loc":{"start":{"line":3257,"column":0},"end":{"line":3282,"column":1}},"line":3257},"93":{"name":"generatePhaseSummary","decl":{"start":{"line":3299,"column":0},"end":{"line":3405,"column":1}},"loc":{"start":{"line":3299,"column":0},"end":{"line":3405,"column":1}},"line":3299},"94":{"name":"recordReviewAction","decl":{"start":{"line":3424,"column":0},"end":{"line":3453,"column":1}},"loc":{"start":{"line":3424,"column":0},"end":{"line":3453,"column":1}},"line":3424}},"f":{"0":0,"1":0,"2":0,"3":0,"4":0,"5":0,"6":0,"7":0,"8":0,"9":0,"10":0,"11":0,"12":0,"13":0,"14":0,"15":0,"16":0,"17":0,"18":0,"19":0,"20":0,"21":0,"22":0,"23":0,"24":0,"25":0,"26":0,"27":0,"28":0,"29":0,"30":0,"31":0,"32":0,"33":0,"34":0,"35":0,"36":0,"37":0,"38":0,"39":0,"40":0,"41":0,"42":0,"43":0,"44":0,"45":0,"46":0,"47":0,"48":0,"49":0,"50":0,"51":0,"52":0,"53":0,"54":0,"55":0,"56":0,"57":0,"58":0,"59":0,"60":0,"61":0,"62":0,"63":0,"64":0,"65":0,"66":0,"67":0,"68":0,"69":0,"70":0,"71":0,"72":0,"73":0,"74":0,"75":0,"76":0,"77":0,"78":0,"79":0,"80":0,"81":0,"82":0,"83":0,"84":2,"85":11,"86":1,"87":6,"88":0,"89":0,"90":0,"91":0,"92":0,"93":0,"94":0}}
}
